C251 COMPILER V5.60.0,  main                                                               13/04/24  20:07:04  PAGE 1   


C251 COMPILER V5.60.0, COMPILATION OF MODULE main
OBJECT MODULE PLACED IN .\Out_File\main.obj
COMPILER INVOKED BY: D:\keil5\keil5_MDK\keil5_MDK_32\C251\BIN\C251.EXE ..\USER\src\main.c XSMALL INTR2 WARNINGLEVEL(3) B
                    -ROWSE INCDIR(..\..\Libraries\libraries;..\..\Libraries\seekfree_libraries;..\..\Libraries\seekfree_peripheral;..\CODE;..
                    -\USER\inc;..\USER\src) DEBUG PRINT(.\Out_File\main.lst) OBJECT(.\Out_File\main.obj) 

stmt  level    source

    1          /*      每日一拜 好过省赛             天天参拜 稳过国赛        */
    2          /* \\ \\ \\ \\ \\ \\ \\ || || || || || || // // // // // // // //
    3          \\ \\ \\ \\ \\ \\ \\        _ooOoo_          // // // // // // //
    4          \\ \\ \\ \\ \\ \\          o8888888o            // // // // // //
    5          \\ \\ \\ \\ \\             88" . "88               // // // // //
    6          \\ \\ \\ \\                (| -_- |)                  // // // //
    7          \\ \\ \\                   O\  =  /O                     // // //
    8          \\ \\                   ____/`---'\____                     // //
    9          \\                    .'  \\|     |//  `.                      //
   10          ==                   /  \\|||  :  |||//  \                     ==
   11          ==                  /  _||||| -:- |||||-  \                    ==
   12          ==                  |   | \\\  -  /// |   |                    ==
   13          ==                  | \_|  ''\---/''  |   |                    ==
   14          ==                  \  .-\__  `-`  ___/-. /                    ==
   15          ==                ___`. .'  /--.--\  `. . ___                  ==
   16          ==              ."" '<  `.___\_<|>_/___.'  >'"".               ==
   17          ==            | | :  `- \`.;`\ _ /`;.`/ - ` : | |              \\
   18          //            \  \ `-.   \_ __\ /__ _/   .-` /  /              \\
   19          //      ========`-.____`-.___\_____/___.-`____.-'========      \\
   20          //                           `=---='                           \\
   21          // //   ^^^^^^^^^^^^^^^^^^^^^^^^^^^^^^^^^^^^^^^^^^^^^^^^^^  \\ \\
   22          // // //      佛祖保佑      永无BUG      永不修改        \\ \\ \\
   23          // // // // // // || || || || || || || || || || \\ \\ \\ \\ \\ */
   24          
   25          #include "headfile.h"
   26          
   27                  
   28          bit flag = 1;                                                                                   //判断是否经过10ms
   29          
   30          PID_InitTypeDef PID_Servos;                             //舵机PID
   31          
   32          
   33          void main()
   34          {
   35   1              Init_all();                                                                                                                                     //初始化所有
   36   1          if(vl53l0x_init(&vl53l0x_dev))     //vl53l0x初始化
*** ERROR C67 IN LINE 36 OF ..\USER\src\main.c: 'vl53l0x_dev': undefined identifier
   37   1               {
   38   2                      printf("VL53L0X_Init Error!!!\r\n");
   39   2                      delay_ms(200);
   40   2               }      
   41   1        while(1)
   42   1              {
   43   2              if(flag == 0)                                                                                                   //10ms读取一次电感值，计算偏差，并调整自身姿态
   44   2              {
   45   3                  
   46   3                  flag = 1;                                                                                                           //10ms标志位改变，进入下一次寻迹
   47   3              }
   48   2              }
   49   1      }

C251 COMPILATION COMPLETE.  0 WARNING(S),  1 ERROR(S)
