C251 COMPILER V5.60.0,  main                                                               16/07/23  15:31:11  PAGE 1   


C251 COMPILER V5.60.0, COMPILATION OF MODULE main
OBJECT MODULE PLACED IN .\Out_File\main.obj
COMPILER INVOKED BY: D:\Keil5\C251\BIN\C251.EXE ..\USER\src\main.c XSMALL INTR2 WARNINGLEVEL(3) BROWSE INCDIR(..\..\Libr
                    -aries\libraries;..\..\Libraries\seekfree_libraries;..\..\Libraries\seekfree_peripheral;..\CODE;..\USER\inc;..\USER\src) 
                    -DEBUG PRINT(.\Out_File\main.lst) TABS(2) OBJECT(.\Out_File\main.obj) 

stmt  level    source

    1          /********************************************************************************************************
             -*************
    2           * COPYRIGHT NOTICE
    3           * Copyright (c) 2020,逐飞科技
    4           * All rights reserved.
    5           * 技术讨论QQ群：一群：179029047(已满)  二群：244861897(已满)  三群：824575535
    6           *
    7           * 以下所有内容版权均属逐飞科技所有，未经允许不得用于商业用途，
    8           * 欢迎各位使用并传播本程序，修改内容时必须保留逐飞科技的版权声明。
    9           *
   10           * @file          main
   11           * @company       成都逐飞科技有限公司
   12           * @author        逐飞科技(QQ790875685)
   13           * @version       查看doc内version文件 版本说明
   14           * @Software    MDK FOR C251 V5.60
   15           * @Target core   STC32G12K128
   16           * @Taobao      https://seekfree.taobao.com/
   17           * @date          2020-12-18
   18           ********************************************************************************************************
             -************/
   19          #include "headfile.h"
   20          
   21          
   22          /*
   23           * 系统频率，可查看board.h中的 FOSC 宏定义修改。
   24           * board.h文件中FOSC的值设置为0,则程序自动设置系统频率为33.1776MHZ
   25           * 在board_init中,已经将P54引脚设置为复位
   26           * 如果需要使用P54引脚,可以在board.c文件中的board_init()函数中删除SET_P54_RESRT即可
   27           */
   28          
   29          
   30          uint16 distance[5]={0,0,0,0,0};
   31          uint16 distance_out=0;
   32          
   33          sbit led = P3^1;
   34          void main()
   35          {
   36   1        board_init();     // 初始化寄存器,勿删除此句代码。
   37   1        
   38   1        // 此处编写用户代码(例如：外设初始化代码等)
   39   1      
   40   1        while(dl1a_init())
   41   1        {
   42   2          delay_ms(500);
   43   2          //printf("VL53L0X init try again.\r\n");
   44   2        }
   45   1        
   46   1        pit_timer_ms(TIM_4, 5);
   47   1        
   48   1          while(1)
   49   1        {
   50   2          if(dl1a_finsh_flag)
   51   2          {
   52   3            //if(dl1a_distance_mm<8190)
   53   3            //printf("%d\r\n", dl1a_distance_mm);
   54   3            
   55   3            //printf("%d\r\n", distance_out);
C251 COMPILER V5.60.0,  main                                                               16/07/23  15:31:11  PAGE 2   

   56   3            if(dl1a_distance_mm<900) led=0;
   57   3            else led=1;
   58   3            
   59   3            dl1a_finsh_flag = 0;
   60   3          }
   61   2          }
   62   1      }
   63          
   64          
   65          // 该函数在isr.c中的TM4_Isr被调用
   66          void pit_handler(void)
   67          {
   68   1        dl1a_get_distance();
   69   1        
   70   1      //  distance[4]=distance[3];
   71   1      //  distance[3]=distance[2];
   72   1      //  distance[2]=distance[1];
   73   1      //  distance[1]=distance[0];
   74   1      //  distance[0]=dl1a_distance_mm;
   75   1      //  distance_out=distance[0]+distance[1]+distance[2]+distance[3]+distance[4];
   76   1      //  
   77   1      //  
   78   1      //  distance_out/=5;
   79   1        
   80   1        //if(distance_out>=1000) distance_out=1000;
   81   1        
   82   1      }
   83          
   84          
   85          


Module Information          Static   Overlayable
------------------------------------------------
  code size            =        60     ------
  ecode size           =    ------     ------
  data size            =    ------     ------
  idata size           =    ------     ------
  pdata size           =    ------     ------
  xdata size           =    ------     ------
  xdata-const size     =    ------     ------
  edata size           =        12     ------
  bit size             =    ------     ------
  ebit size            =    ------     ------
  bitaddressable size  =    ------     ------
  ebitaddressable size =    ------     ------
  far data size        =    ------     ------
  huge data size       =    ------     ------
  const size           =    ------     ------
  hconst size          =        20     ------
End of Module Information.


C251 COMPILATION COMPLETE.  0 WARNING(S),  0 ERROR(S)
