C251 COMPILER V5.60.0,  main                                                               16/04/24  15:38:06  PAGE 1   


C251 COMPILER V5.60.0, COMPILATION OF MODULE main
OBJECT MODULE PLACED IN .\Out_File\main.obj
COMPILER INVOKED BY: D:\keil5\keil5_MDK\keil5_MDK_32\C251\BIN\C251.EXE ..\USER\src\main.c XSMALL INTR2 WARNINGLEVEL(3) B
                    -ROWSE INCDIR(..\..\Libraries\libraries;..\..\Libraries\seekfree_libraries;..\..\Libraries\seekfree_peripheral;..\CODE;..
                    -\USER\inc;..\USER\src) DEBUG PRINT(.\Out_File\main.lst) OBJECT(.\Out_File\main.obj) 

stmt  level    source

    1          /********************************************************************************************************
             -*************
    2           * COPYRIGHT NOTICE
    3           * Copyright (c) 2020,逐飞科技
    4           * All rights reserved.
    5           * 技术讨论QQ群：一群：179029047(已满)  二群：244861897(已满)  三群：824575535
    6           *
    7           * 以下所有内容版权均属逐飞科技所有，未经允许不得用于商业用途，
    8           * 欢迎各位使用并传播本程序，修改内容时必须保留逐飞科技的版权声明。
    9           *
   10           * @file                main
   11           * @company                     成都逐飞科技有限公司
   12           * @author              逐飞科技(QQ790875685)
   13           * @version             查看doc内version文件 版本说明
   14           * @Software            MDK FOR C251 V5.60
   15           * @Target core         STC32G12K128
   16           * @Taobao              https://seekfree.taobao.com/
   17           * @date                2020-12-18
   18           ********************************************************************************************************
             -************/
   19          
   20          #include "headfile.h"
   21          
   22          /*
   23           *关于内核频率的设定，可以查看board.h文件
   24           *在board_init中,已经将P54引脚设置为复位
   25           *如果需要使用P54引脚,可以在board.c文件中的board_init()函数中删除SET_P54_RESRT即可
   26           */
   27           
   28          uint16 duty;
   29          uint16 duty_dir;  
   30          void main()
   31          {
   32   1          WTST = 0;               //设置程序代码等待参数，赋值为0可将CPU执行程序的速度设置为最快
   33   1          
   34   1              DisableGlobalIRQ();             //关闭总中断
   35   1              
   36   1          //sys_clk可选值:35000000，30000000, 27000000. 24000000, 22118400, 20000000, 18432000, 12000000, 11059
             -200, 6000000, 5529600。
   37   1          //设置系统频率，此频率需要跟STC-ISP软件中的 <输入用户程序运行的IRC频率>选项的频率一致。
   38   1          //如果频率设置不对，将会导致串口的数据不正常,PWM的工作不正常等等。
   39   1          sys_clk = 35000000;     //设置系统频率为35MHz
   40   1          
   41   1              board_init();           //初始化
   42   1          oled_init();
   43   1          //特别提示这里的舵机居中是在没有安装在车模上的时候，才能使用这个居中方式。
   44   1          //如果舵机已经安装在车模上，切勿使用本程序，因为舵机由于机械限位，导致可活动范围小很多。
   45   1      
   46   1              //pwm初始化频率为50hz 舵机居中
   47   1              duty = 1.5*1000/20;
   48   1      
   49   1              pwm_init(PWMB_CH1_P74, 50, duty);
   50   1              pwm_init(PWMA_CH1P_P60, 1000, 0);
   51   1              pwm_init(PWMA_CH2P_P62, 1000, 0);               //左电机--PWM
   52   1              EnableGlobalIRQ();              //开启总中断
   53   1          while(1)
   54   1              {
C251 COMPILER V5.60.0,  main                                                               16/04/24  15:38:06  PAGE 2   

   55   2                      //计算舵机位置舵机位置   （0.5ms - 2.5ms）ms/20ms * 10000（1000是PWM的满占空比时候的值）
   56   2              //舵机最小值为250，   最大值为1250。
   57   2                      
   58   2                      //修改duty的值，可以修改舵机最大最小值。
   59   2                      //例：将PWM_DUTY_MAX设置为1000，则舵机最小值为25，最大值为125。
   60   2                      //PWM_DUTY_MAX的值在zf_pwm.h的文件中定义。
   61   2                      pwm_duty(PWMB_CH1_P74, duty);
   62   2              oled_p8x16str(0 ,0,"PWM");
   63   2                      oled_printf_float(0,2,duty,5,2);
   64   2              if(duty_dir == 1) 
   65   2              { 
   66   3                  duty++; 
   67   3                  if(duty >= 125) 
   68   3                  { 
   69   4                      duty_dir = 0; 
   70   4                  } 
   71   3              } 
   72   2              else 
   73   2              { 
   74   3                  duty--; 
   75   3                  if(duty < 25) 
   76   3                      duty_dir = 1;  
   77   3              }
   78   2              
   79   2              //控制舵机达到指定位置
   80   2              pwm_duty(PWMB_CH1_P74, duty);
   81   2      //        pwm_duty(PWMA_CH1P_P60, 100);
   82   2              delay_ms(50);
   83   2          }
   84   1      }


Module Information          Static   Overlayable
------------------------------------------------
  code size            =       227     ------
  ecode size           =    ------     ------
  data size            =    ------     ------
  idata size           =    ------     ------
  pdata size           =    ------     ------
  xdata size           =    ------     ------
  xdata-const size     =    ------     ------
  edata size           =         4     ------
  bit size             =    ------     ------
  ebit size            =    ------     ------
  bitaddressable size  =    ------     ------
  ebitaddressable size =    ------     ------
  far data size        =    ------     ------
  huge data size       =    ------     ------
  const size           =    ------     ------
  hconst size          =         4     ------
End of Module Information.


C251 COMPILATION COMPLETE.  0 WARNING(S),  0 ERROR(S)
