C251 COMPILER V5.60.0,  main                                                               16/11/23  12:01:34  PAGE 1   


C251 COMPILER V5.60.0, COMPILATION OF MODULE main
OBJECT MODULE PLACED IN .\Out_File\main.obj
COMPILER INVOKED BY: D:\keil5\keil5_MDK\keil5_MDK_32\C251\BIN\C251.EXE ..\USER\src\main.c XSMALL INTR2 WARNINGLEVEL(3) B
                    -ROWSE INCDIR(..\..\Libraries\libraries;..\..\Libraries\seekfree_libraries;..\..\Libraries\seekfree_peripheral;..\CODE;..
                    -\USER\inc;..\USER\src) DEBUG PRINT(.\Out_File\main.lst) OBJECT(.\Out_File\main.obj) 

stmt  level    source

    1          /********************************************************************************************************
             -*************
    2           * COPYRIGHT NOTICE
    3           * Copyright (c) 2020,逐飞科技
    4           * All rights reserved.
    5           * 技术讨论QQ群：一群：179029047(已满)  二群：244861897(已满)  三群：824575535
    6           *
    7           * 以下所有内容版权均属逐飞科技所有，未经允许不得用于商业用途，
    8           * 欢迎各位使用并传播本程序，修改内容时必须保留逐飞科技的版权声明。
    9           *
   10           * @file                main
   11           * @company                     成都逐飞科技有限公司
   12           * @author              逐飞科技(QQ790875685)
   13           * @version             查看doc内version文件 版本说明
   14           * @Software            MDK FOR C251 V5.60
   15           * @Target core         STC32G12K128
   16           * @Taobao              https://seekfree.taobao.com/
   17           * @date                2020-12-18
   18           ********************************************************************************************************
             -************/
   19          
   20          #include "headfile.h"
   21          
   22          
   23          /*
   24           *关于内核频率的设定，可以查看board.h文件
   25           *在board_init中,已经将P54引脚设置为复位
   26           *如果需要使用P54引脚,可以在board.c文件中的board_init()函数中删除SET_P54_RESRT即可
   27           */
   28          
   29          
   30          void main()
   31          {
   32   1          WTST = 0;               //设置程序代码等待参数，赋值为0可将CPU执行程序的速度设置为最快
   33   1          
   34   1              DisableGlobalIRQ();             //关闭总中断
   35   1              
   36   1          //sys_clk可选值:35000000，30000000, 27000000. 24000000, 22118400, 20000000, 18432000, 12000000, 11059
             -200, 6000000, 5529600。
   37   1          //设置系统频率，此频率需要跟STC-ISP软件中的 <输入用户程序运行的IRC频率>选项的频率一致。
   38   1          //如果频率设置不对，将会导致串口的数据不正常,PWM的工作不正常等等。
   39   1          sys_clk = 35000000;     //设置系统频率为35MHz
   40   1          
   41   1              board_init();                   //初始化寄存器
   42   1              //此处编写用户代码(例如：外设初始化代码等)
   43   1          
   44   1          board_init();               //初始化内部寄存器
   45   1              ips114_init();          //初始化1.1.4寸ips屏幕
   46   1          
   47   1              
   48   1              //总中断最后开启
   49   1              EnableGlobalIRQ();              //开启总中断
   50   1          while(1)
   51   1              {
   52   2      
   53   2                      ips114_clear(WHITE);                                                                    //清屏
   54   2              ips114_showstr(0,0,"seekfree.taobao.com");                              //显示字符串
C251 COMPILER V5.60.0,  main                                                               16/11/23  12:01:34  PAGE 2   

   55   2              ips114_showuint16(0,1,666);                                             //显示一个16位无符号整数
   56   2              ips114_showint32(0,2,666,3);                                            //显示一个32位有符号数  并去除无效0
   57   2              ips114_showint32(0,3,-666,3);                                           //显示一个32位有符号数  并去除无效0
   58   2              ips114_showfloat(0,4,56.35,3,1);                                        //显示一个浮点数        并去除整数部分无效0
   59   2              //以上函数x坐标设置是以像素为单位   y坐标是以字符为单位
   60   2      
   61   2      
   62   2                      
   63   2                      //以下为色彩测试，红绿蓝全屏各显示一秒。
   64   2                      delay_ms(2000);                                                                 //延时1秒
   65   2                      ips114_clear(RED);
   66   2                      delay_ms(1000);                                                                 //延时1秒
   67   2                      ips114_clear(GREEN);
   68   2                      delay_ms(1000);                                                                 //延时1秒
   69   2                      ips114_clear(BLUE);
   70   2                      delay_ms(1000);                                                                 //延时1秒
   71   2          }
   72   1      }
   73          


Module Information          Static   Overlayable
------------------------------------------------
  code size            =       172     ------
  ecode size           =    ------     ------
  data size            =    ------     ------
  idata size           =    ------     ------
  pdata size           =    ------     ------
  xdata size           =    ------     ------
  xdata-const size     =    ------     ------
  edata size           =    ------     ------
  bit size             =    ------     ------
  ebit size            =    ------     ------
  bitaddressable size  =    ------     ------
  ebitaddressable size =    ------     ------
  far data size        =    ------     ------
  huge data size       =    ------     ------
  const size           =    ------     ------
  hconst size          =        20     ------
End of Module Information.


C251 COMPILATION COMPLETE.  0 WARNING(S),  0 ERROR(S)
