C251 COMPILER V5.60.0,  main                                                               16/07/23  18:41:23  PAGE 1   


C251 COMPILER V5.60.0, COMPILATION OF MODULE main
OBJECT MODULE PLACED IN .\Out_File\main.obj
COMPILER INVOKED BY: D:\Keil5\C251\BIN\C251.EXE ..\USER\src\main.c XSMALL INTR2 WARNINGLEVEL(3) BROWSE INCDIR(..\..\Libr
                    -aries\libraries;..\..\Libraries\seekfree_libraries;..\..\Libraries\seekfree_peripheral;..\CODE;..\USER\inc;..\USER\src) 
                    -DEBUG PRINT(.\Out_File\main.lst) TABS(2) OBJECT(.\Out_File\main.obj) 

stmt  level    source

    1          /*      每日一拜 好过省赛             天天参拜 稳过国赛        */
    2          /* \\ \\ \\ \\ \\ \\ \\ || || || || || || // // // // // // // //
    3          \\ \\ \\ \\ \\ \\ \\        _ooOoo_          // // // // // // //
    4          \\ \\ \\ \\ \\ \\          o8888888o            // // // // // //
    5          \\ \\ \\ \\ \\             88" . "88               // // // // //
    6          \\ \\ \\ \\                (| -_- |)                  // // // //
    7          \\ \\ \\                   O\  =  /O                     // // //
    8          \\ \\                   ____/`---'\____                     // //
    9          \\                    .'  \\|     |//  `.                      //
   10          ==                   /  \\|||  :  |||//  \                     ==
   11          ==                  /  _||||| -:- |||||-  \                    ==
   12          ==                  |   | \\\  -  /// |   |                    ==
   13          ==                  | \_|  ''\---/''  |   |                    ==
   14          ==                  \  .-\__  `-`  ___/-. /                    ==
   15          ==                ___`. .'  /--.--\  `. . ___                  ==
   16          ==              ."" '<  `.___\_<|>_/___.'  >'"".               ==
   17          ==            | | :  `- \`.;`\ _ /`;.`/ - ` : | |              \\
   18          //            \  \ `-.   \_ __\ /__ _/   .-` /  /              \\
   19          //      ========`-.____`-.___\_____/___.-`____.-'========      \\
   20          //                           `=---='                           \\
   21          // //   ^^^^^^^^^^^^^^^^^^^^^^^^^^^^^^^^^^^^^^^^^^^^^^^^^^  \\ \\
   22          // // //      佛祖保佑      永无BUG      永不修改        \\ \\ \\
   23          // // // // // // || || || || || || || || || || \\ \\ \\ \\ \\ */
   24          
   25          #include "headfile.h"
   26          
   27          float Speed = 110;                //预设速度  
   28            
   29          bit flag = 1;                     //判断是否经过10ms
   30          bit Stop_flag = 0;                //判断是否冲出赛道
   31          bit Barrier_flag = 0;             //判断是否开始避障
   32          bit Garage_in_flag = 0;           //判断是否入车库
   33          bit Garage_out_flag = 0;          //判断是否出车库
   34          bit encoder_start = 0;            //开始积分标志
   35          int element_num = 0;              //经过元素的数量
   36          int barrier_num=0;                //障碍检测，防止误判
   37          int encoder_num = 0;              //编码器积分
   38          
   39          PID_InitTypeDef PID_Left;         //左轮PID
   40          PID_InitTypeDef PID_Right;        //右轮PID
   41          PID_InitTypeDef PID_Servos;       //舵机PID
   42          extern float angle;
   43          extern int encoder_left;          //左轮编码器计数
   44          extern int encoder_right;         //游轮编码器计数
   45          
   46          bit first_barrier=0;
   47          
   48          void main()
   49          {
   50   1        Init_all();                                 //初始化所有
   51   1        while(1)
   52   1        {
   53   2      //    if(element_num==3)                        //元素数量检测、十字和环岛
   54   2      //    {
   55   2      //      if(encoder_start==0)
   56   2      //      {
   57   2      //        encoder_num=0;
C251 COMPILER V5.60.0,  main                                                               16/07/23  18:41:23  PAGE 2   

   58   2      //        encoder_start=1;
   59   2      //      }
   60   2      //      if(encoder_num>1680)
   61   2      //        Garage_in();
   62   2      //    }
   63   2      
   64   2      //    if(encoder_num>2000)                        //编码器积分
   65   2      //    {
   66   2      //      Stop_flag=1;
   67   2      //    }
   68   2      
   69   2      //出入库
   70   2          if(Garage_out_flag==0)                  //如果没有出库
   71   2            Garage_out();                         //出库
   72   2          if(P26==0)                              //如果检测到磁铁
   73   2            Garage_in_flag=1;                     //开启入库标志
   74   2          if(Garage_in_flag==1)                   //如果检测到入库标志
   75   2            Garage_in();                          //开始入库
   76   2      
   77   2      //避障
   78   2      //    if(P33==0&&first_barrier==0)            //如果检测到障碍
   79   2      //      Barrier_flag=1;                     //开启避障标志位
   80   2      //    if(Barrier_flag==1)                     //如果检测到障碍
   81   2      //      Avoid_barrier();                      //开始避障
   82   2      
   83   2          if(Stop_flag == 0)                      //未冲出赛道
   84   2          {
   85   3            if(flag == 0)                         //10ms读取一次电感值，计算偏差，并调整自身姿态
   86   3            {
   87   4              ADC_Read();                         //读取电感值
   88   4              Pos_Deviation();                    //位置偏差计算
   89   4              Servos_Control();                   //调整车身姿态
   90   4              //Sendspeed();
   91   4              flag = 1;                           //10ms标志位改变，进入下一次寻迹
   92   4            }
   93   3          }
   94   2          else                                    //冲出赛道
   95   2          {
   96   3            pwm_duty(PWMB_CH1_P74,840);
   97   3            pwm_duty(PWMA_CH2P_P62, 0);           //左轮pwm置0  
   98   3            pwm_duty(PWMA_CH3P_P64, 0);           //右轮pwm置0
   99   3            P52=0;
  100   3            while(1);
  101   3          }
  102   2        }
  103   1      }


Module Information          Static   Overlayable
------------------------------------------------
  code size            =       102     ------
  ecode size           =    ------     ------
  data size            =    ------     ------
  idata size           =    ------     ------
  pdata size           =    ------     ------
  xdata size           =    ------     ------
  xdata-const size     =    ------     ------
  edata size           =       178     ------
  bit size             =         7     ------
  ebit size            =    ------     ------
  bitaddressable size  =    ------     ------
  ebitaddressable size =    ------     ------
  far data size        =    ------     ------
  huge data size       =    ------     ------
  const size           =    ------     ------
  hconst size          =        26     ------
End of Module Information.

C251 COMPILER V5.60.0,  main                                                               16/07/23  18:41:23  PAGE 3   


C251 COMPILATION COMPLETE.  0 WARNING(S),  0 ERROR(S)
