C251 COMPILER V5.60.0,  main                                                               23/06/24  20:40:47  PAGE 1   


C251 COMPILER V5.60.0, COMPILATION OF MODULE main
OBJECT MODULE PLACED IN .\Out_File\main.obj
COMPILER INVOKED BY: D:\keil5\keil5_MDK\keil5_MDK_32\C251\BIN\C251.EXE ..\USER\src\main.c XSMALL INTR2 WARNINGLEVEL(3) B
                    -ROWSE INCDIR(..\..\Libraries\libraries;..\..\Libraries\seekfree_libraries;..\..\Libraries\seekfree_peripheral;..\CODE;..
                    -\USER\inc;..\USER\src) DEBUG PRINT(.\Out_File\main.lst) OBJECT(.\Out_File\main.obj) 

stmt  level    source

    1          /********************************************************************************************************
             -*************
    2           * COPYRIGHT NOTICE
    3           * Copyright (c) 2020,逐飞科技
    4           * All rights reserved.
    5           * 技术讨论QQ群：一群：179029047(已满)  二群：244861897(已满)  三群：824575535
    6           *
    7           * 以下所有内容版权均属逐飞科技所有，未经允许不得用于商业用途，
    8           * 欢迎各位使用并传播本程序，修改内容时必须保留逐飞科技的版权声明。
    9           *
   10           * @file                main
   11           * @company                     成都逐飞科技有限公司
   12           * @author              逐飞科技(QQ790875685)
   13           * @version             查看doc内version文件 版本说明
   14           * @Software            MDK FOR C251 V5.60
   15           * @Target core         STC32G12K128
   16           * @Taobao              https://seekfree.taobao.com/
   17           * @date                2020-12-18
   18           ********************************************************************************************************
             -************/
   19          
   20          #include "headfile.h"
   21          #include "SEEKFREE_OLED.h"
   22          
   23          extern float Lenth;  //距离
   24          extern float count;
   25          /*
   26           *关于内核频率的设定，可以查看board.h文件
   27           *在board_init中,已经将P54引脚设置为复位
   28           *如果需要使用P54引脚,可以在board.c文件中的board_init()函数中删除SET_P54_RESRT即可
   29           */
   30          
   31          void Timer1_Init(void)          //1毫秒@24.000MHz
   32          {
   33   1              AUXR &= 0xBF;                   //定时器时钟12T模式
   34   1              TMOD &= 0x0F;                   //设置定时器模式
   35   1              TMOD |= 0x10;                   //设置定时器模式
   36   1              TL1 = 0x00;                             //设置定时初始值
   37   1              TH1 = 0x00;                             //设置定时初始值
   38   1              TF1 = 0;                                //清除TF1标志
   39   1              TR1 = 0;                                //定时器1不开始计时
   40   1          ET1 = 1;                //允许定时器1中断     
   41   1      }
   42          
   43          
   44          
   45          void main()
   46          {
   47   1          WTST = 0;               //设置程序代码等待参数，赋值为0可将CPU执行程序的速度设置为最快
   48   1          
   49   1              DisableGlobalIRQ();             //关闭总中断
   50   1              
   51   1          //sys_clk可选值:35000000，30000000, 27000000. 24000000, 22118400, 20000000, 18432000, 12000000, 11059
             -200, 6000000, 5529600。
   52   1          //设置系统频率，此频率需要跟STC-ISP软件中的 <输入用户程序运行的IRC频率>选项的频率一致。
   53   1          //如果频率设置不对，将会导致串口的数据不正常,PWM的工作不正常等等。
   54   1          sys_clk = 35000000;     //设置系统频率为35MHz
C251 COMPILER V5.60.0,  main                                                               23/06/24  20:40:47  PAGE 2   

   55   1          
   56   1              board_init();                   //初始化寄存器
   57   1              //此处编写用户代码(例如：外设初始化代码等)
   58   1          //触发中断LED 就会被点亮
   59   1          pit_timer_us(TIM_1, 10);
   60   1          pit_timer_ms(TIM_4, 10);
   61   1          gpio_mode(P3_3,GPIO);
   62   1          exit_init(INT1_P33, BOTH);  //下降沿触发INT0_P32中断
   63   1      //    exit_init(INT0_P32, FALLING_EDGE);        //下降沿触发INT0_P32中断                                    
   64   1          oled_init();
   65   1              //总中断最后开启
   66   1              EnableGlobalIRQ();              //开启总中断
   67   1          while(1)
   68   1              {
   69   2              P32=1;             //发送开始测距信号
   70   2              delay_us(15);      
   71   2              P32=0;             //结束发送
   72   2              
   73   2              oled_printf_float(0,0,Lenth,5,2); 
   74   2              oled_printf_float(0,2,count,5,2); 
   75   2              delay_ms(100);
   76   2          }
   77   1      }
   78          
   79          
   80          


Module Information          Static   Overlayable
------------------------------------------------
  code size            =       149     ------
  ecode size           =    ------     ------
  data size            =    ------     ------
  idata size           =    ------     ------
  pdata size           =    ------     ------
  xdata size           =    ------     ------
  xdata-const size     =    ------     ------
  edata size           =    ------     ------
  bit size             =    ------     ------
  ebit size            =    ------     ------
  bitaddressable size  =    ------     ------
  ebitaddressable size =    ------     ------
  far data size        =    ------     ------
  huge data size       =    ------     ------
  const size           =    ------     ------
  hconst size          =    ------     ------
End of Module Information.


C251 COMPILATION COMPLETE.  0 WARNING(S),  0 ERROR(S)
