C251 COMPILER V5.60.0,  main                                                               16/04/24  16:11:43  PAGE 1   


C251 COMPILER V5.60.0, COMPILATION OF MODULE main
OBJECT MODULE PLACED IN .\Out_File\main.obj
COMPILER INVOKED BY: D:\keil5\keil5_MDK\keil5_MDK_32\C251\BIN\C251.EXE ..\USER\src\main.c XSMALL INTR2 WARNINGLEVEL(3) B
                    -ROWSE INCDIR(..\..\Libraries\libraries;..\..\Libraries\seekfree_libraries;..\..\Libraries\seekfree_peripheral;..\CODE;..
                    -\USER\inc;..\USER\src) DEBUG PRINT(.\Out_File\main.lst) OBJECT(.\Out_File\main.obj) 

stmt  level    source

    1          /*      每日一拜 好过省赛             天天参拜 稳过国赛        */
    2          /* \\ \\ \\ \\ \\ \\ \\ || || || || || || // // // // // // // //
    3          \\ \\ \\ \\ \\ \\ \\        _ooOoo_          // // // // // // //
    4          \\ \\ \\ \\ \\ \\          o8888888o            // // // // // //
    5          \\ \\ \\ \\ \\             88" . "88               // // // // //
    6          \\ \\ \\ \\                (| -_- |)                  // // // //
    7          \\ \\ \\                   O\  =  /O                     // // //
    8          \\ \\                   ____/`---'\____                     // //
    9          \\                    .'  \\|     |//  `.                      //
   10          ==                   /  \\|||  :  |||//  \                     ==
   11          ==                  /  _||||| -:- |||||-  \                    ==
   12          ==                  |   | \\\  -  /// |   |                    ==
   13          ==                  | \_|  ''\---/''  |   |                    ==
   14          ==                  \  .-\__  `-`  ___/-. /                    ==
   15          ==                ___`. .'  /--.--\  `. . ___                  ==
   16          ==              ."" '<  `.___\_<|>_/___.'  >'"".               ==
   17          ==            | | :  `- \`.;`\ _ /`;.`/ - ` : | |              \\
   18          //            \  \ `-.   \_ __\ /__ _/   .-` /  /              \\
   19          //      ========`-.____`-.___\_____/___.-`____.-'========      \\
   20          //                           `=---='                           \\
   21          // //   ^^^^^^^^^^^^^^^^^^^^^^^^^^^^^^^^^^^^^^^^^^^^^^^^^^  \\ \\
   22          // // //      佛祖保佑      永无BUG      永不修改        \\ \\ \\
   23          // // // // // // || || || || || || || || || || \\ \\ \\ \\ \\ */
   24          
   25          #include "headfile.h"
   26          
   27          float Speed = 100;                                                              //预设速度      
   28                  
   29          bit flag = 1;                                                                                   //判断是否经过10ms
   30          bit Stop_flag = 0;                                                              //判断是否冲出赛道
   31          bit Barrier_flag = 0;                                                   //判断是否开始避障
   32          bit Garage_in_flag = 0;                                         //判断是否入车库
   33          bit Garage_out_flag = 0;                                        //判断是否出车库
   34          bit encoder_start = 0;                                          //开始积分标志
   35          int element_num = 0;                                                    //经过元素的数量
   36          int barrier_num=0;                                                              //障碍检测，防止误判
   37          int encoder_num = 0;                                                    //编码器积分
   38          
   39          PID_InitTypeDef PID_Left;                                       //左轮PID
   40          PID_InitTypeDef PID_Right;                              //右轮PID
   41          PID_InitTypeDef PID_Servos;                             //舵机PID
   42          extern int mode;
   43          extern float angle;
   44          extern int encoder_left;                                        //左轮编码器计数
   45          extern int encoder_right;                                       //游轮编码器计数
   46          extern bit circle_num;
   47          extern bit forward_flag;
   48          
   49          bit first_barrier=0;
   50          
   51          void main()
   52          {
   53   1              Init_all();                                                                                                                                     //初始化所有
   54   1              oled_show();
*** WARNING C140 IN LINE 54 OF ..\USER\src\main.c: 'oled_show' undefined; assuming 'extern int oled_show()'
   55   1              delay_ms(1000);
   56   1              if(mode==0)                                                             //1.8
C251 COMPILER V5.60.0,  main                                                               16/04/24  16:11:43  PAGE 2   

   57   1                      Speed = 110;
   58   1              else if(mode==1)                                        //2.4                                   
   59   1                      Speed = 130;
   60   1              else if(mode==2)                                        //2.4                                   
   61   1                      Speed = 160;
   62   1              while(1)
   63   1              {
   64   2      //              if(encoder_num>600&&first_barrier==0)
   65   2      //              {
   66   2      //                      Speed = 110;
   67   2      //              }
   68   2      ////避障
   69   2                      if(P33==0&&first_barrier==0&&forward_flag==0)                           //如果检测到障碍
   70   2                              Barrier_flag=1;                                                                                 //开启避障标志位
   71   2                      if(Barrier_flag==1)                                                                                     //如果检测到障碍
   72   2                              Avoid_barrier();                                                                                        //开始避障
   73   2      
   74   2                      if(Garage_out_flag==0)                                                                  //如果没有出库
   75   2                              Garage_out();                                                                                                   //出库
   76   2      
   77   2      //入库-倒车
   78   2                      if(P26==0)                                                                                                      //如果检测到磁铁
   79   2                              Garage_in_flag=1;                                                                               //开启入库标志
   80   2                      if(Garage_in_flag==1)                                                                           //如果检测到入库标志
   81   2                      {
   82   3                              if(mode==0)                                                             //1.8
   83   3                                      Garage_in0();
   84   3                              else if(mode==1)                                        //2.4                                   
   85   3                                      Garage_in1();
   86   3                              else if(mode==2)                                        //2.4                                   
   87   3                                      Garage_in2();
   88   3                      }
   89   2      
   90   2                      if(Stop_flag == 0)                                                                                      //未冲出赛道
   91   2                      {
   92   3                              if(flag == 0)                                                                                                   //10ms读取一次电感值，计算偏差，并调整自身姿态
   93   3                              {
   94   4                                      ADC_Read();                                                                                                     //读取电感值
   95   4                                      if(mode==0)                                                             //1.8
   96   4                                              Pos_Deviation0();                                                                               //位置偏差计算
   97   4                                      else if(mode==1)                                        //2.0                                   
   98   4                                              Pos_Deviation1();                                                                               //位置偏差计算
   99   4                                      else if(mode==2)                                        //2.2                                   
  100   4                                              Pos_Deviation2();                                                                               //位置偏差计算
  101   4      
  102   4                                      if(mode==0)                                                             //1.8
  103   4                                              Servos_Control0();                                                                              //调整车身姿态
  104   4                                      else if(mode==1)                                        //2.4                                   
  105   4                                              Servos_Control1();                                                                              //调整车身姿态
  106   4                                      else if(mode==2)                                        //2.4                                   
  107   4                                              Servos_Control2();                                                                              //调整车身姿态
  108   4                                      //Sendspeed();
  109   4                                      flag = 1;                                                                                                               //10ms标志位改变，进入下一次寻迹
  110   4                              }
  111   3                      }
  112   2                      else                                                                                                                                            //冲出赛道
  113   2                      {
  114   3                              pwm_duty(PWMB_CH1_P74,845);
  115   3                              pwm_duty(PWMA_CH2P_P62, 0);                                             //左轮pwm置0    
  116   3                              pwm_duty(PWMA_CH3P_P64, 0);                                             //右轮pwm置0
  117   3                              P52=0;
  118   3                              while(1);
  119   3                      }
  120   2              }
  121   1      }

C251 COMPILER V5.60.0,  main                                                               16/04/24  16:11:43  PAGE 3   


Module Information          Static   Overlayable
------------------------------------------------
  code size            =       283     ------
  ecode size           =    ------     ------
  data size            =    ------     ------
  idata size           =    ------     ------
  pdata size           =    ------     ------
  xdata size           =    ------     ------
  xdata-const size     =    ------     ------
  edata size           =       178     ------
  bit size             =         7     ------
  ebit size            =    ------     ------
  bitaddressable size  =    ------     ------
  ebitaddressable size =    ------     ------
  far data size        =    ------     ------
  huge data size       =    ------     ------
  const size           =    ------     ------
  hconst size          =        26     ------
End of Module Information.


C251 COMPILATION COMPLETE.  1 WARNING(S),  0 ERROR(S)
