C251 COMPILER V5.60.0,  isr                                                                15/11/23  21:36:23  PAGE 1   


C251 COMPILER V5.60.0, COMPILATION OF MODULE isr
OBJECT MODULE PLACED IN .\isr.obj
COMPILER INVOKED BY: D:\keil5\keil5_MDK\keil5_MDK_32\C251\BIN\C251.EXE ..\USER\src\isr.c INTR2 DEBUG PRINT(.\isr.lst) OB
                    -JECT(.\isr.obj) 

stmt  level    source

    1          ///******************************************************************************************************
             -***************
    2          // * COPYRIGHT NOTICE
    3          // * Copyright (c) 2020,逐飞科技
    4          // * All rights reserved.
    5          // * 技术讨论QQ群：一群：179029047(已满)  二群：244861897(已满)  三群：824575535
    6          // *
    7          // * 以下所有内容版权均属逐飞科技所有，未经允许不得用于商业用途，
    8          // * 欢迎各位使用并传播本程序，修改内容时必须保留逐飞科技的版权声明。
    9          // *
   10          // * @file                      isr
   11          // * @company                   成都逐飞科技有限公司
   12          // * @author                    逐飞科技(QQ790875685)
   13          // * @version                   查看doc内version文件 版本说明
   14          // * @Software                  MDK FOR C251 V5.60
   15          // * @Target core               STC32G12K128
   16          // * @Taobao                    https://seekfree.taobao.com/
   17          // * @date                      2020-4-14
   18          // ******************************************************************************************************
             -**************/
   19          #include "headfile.h"
*** ERROR C318 IN LINE 19 OF ..\USER\src\isr.c: can't open file 'headfile.h'
   20          
   21          //UART1中断
   22          void UART1_Isr() interrupt 4
   23          {
   24   1          uint8 res;
*** ERROR C67 IN LINE 24 OF ..\USER\src\isr.c: 'uint8': undefined identifier
*** ERROR C25 IN LINE 24 OF ..\USER\src\isr.c: syntax error near 'res'
*** WARNING C34 IN LINE 24 OF ..\USER\src\isr.c: 'res': missing declaration specifiers
   25   1              static uint8 dwon_count;
*** WARNING C34 IN LINE 25 OF ..\USER\src\isr.c: 'dwon_count': missing declaration specifiers
*** ERROR C42 IN LINE 25 OF ..\USER\src\isr.c: 'dwon_count': not in formal parameter list
   26   1          if(UART1_GET_TX_FLAG)
*** ERROR C25 IN LINE 26 OF ..\USER\src\isr.c: syntax error near 'if'
   27   1          {
*** ERROR C103 IN LINE 27 OF ..\USER\src\isr.c: 'UART1_GET_TX_FLAG': illegal function definition (missing ';' ?)
   28   1              UART1_CLEAR_TX_FLAG;
   29   1              busy[1] = 0;
   30   1          }
   31   1          if(UART1_GET_RX_FLAG)
   32   1          {
   33   1              UART1_CLEAR_RX_FLAG;
   34   1              res = SBUF;
   35   1              //程序自动下载
   36   1              if(res == 0x7F)
   37   1              {
   38   1                  if(dwon_count++ > 20)
   39   1                      IAP_CONTR = 0x60;
   40   1              }
   41   1              else
   42   1              {
   43   1                  dwon_count = 0;
   44   1              }
   45   1          }
   46   1      }
   47   1      
   48   1      //UART2中断
C251 COMPILER V5.60.0,  isr                                                                15/11/23  21:36:23  PAGE 2   

   49   1      void UART2_Isr() interrupt 8
   50   1      {
   51   1          if(UART2_GET_TX_FLAG)
   52   1              {
   53   1              UART2_CLEAR_TX_FLAG;
   54   1                      busy[2] = 0;
   55   1              }
   56   1          if(UART2_GET_RX_FLAG)
   57   1              {
   58   1              UART2_CLEAR_RX_FLAG;
   59   1                      //接收数据寄存器为：S2BUF
   60   1      
   61   1              }
   62   1      }
   63   1      
   64   1      
   65   1      //UART3中断
   66   1      void UART3_Isr() interrupt 17
   67   1      {
   68   1          if(UART3_GET_TX_FLAG)
   69   1              {
   70   1              UART3_CLEAR_TX_FLAG;
   71   1                      busy[3] = 0;
   72   1              }
   73   1          if(UART3_GET_RX_FLAG)
   74   1              {
   75   1              UART3_CLEAR_RX_FLAG;
   76   1                      //接收数据寄存器为：S3BUF
   77   1      
   78   1              }
   79   1      }
   80   1      
   81   1      
   82   1      //UART4中断
   83   1      void UART4_Isr() interrupt 18
   84   1      {
   85   1          if(UART4_GET_TX_FLAG)
   86   1              {
   87   1              UART4_CLEAR_TX_FLAG;
   88   1                      busy[4] = 0;
   89   1              }
   90   1          if(UART4_GET_RX_FLAG)
   91   1              {
   92   1              UART4_CLEAR_RX_FLAG;
   93   1      
   94   1                      //接收数据寄存器为：S4BUF;
   95   1                      if(wireless_type == WIRELESS_SI24R1)
   96   1              {
   97   1                  wireless_uart_callback();           //无线转串口回调函数
   98   1              }
   99   1              else if(wireless_type == WIRELESS_CH9141)
  100   1              {
  101   1                  bluetooth_ch9141_uart_callback();   //蓝牙转串口回调函数
  102   1              }
  103   1              else if(wireless_type == WIRELESS_CH573)
  104   1              {
  105   1                  wireless_ch573_callback();          //CH573无线模块回调函数
  106   1              }
  107   1              }
  108   1      }
  109   1      
  110   1      #define LED P52
  111   1      void INT0_Isr() interrupt 0
  112   1      {
  113   1              LED = 0;        //点亮LED
  114   1      }
C251 COMPILER V5.60.0,  isr                                                                15/11/23  21:36:23  PAGE 3   

  115   1      void INT1_Isr() interrupt 2
  116   1      {
  117   1      
  118   1      }
  119   1      void INT2_Isr() interrupt 10
  120   1      {
  121   1              INT2_CLEAR_FLAG;  //清除中断标志
  122   1      }
  123   1      void INT3_Isr() interrupt 11
  124   1      {
  125   1              INT3_CLEAR_FLAG;  //清除中断标志
  126   1      }
  127   1      
  128   1      void INT4_Isr() interrupt 16
  129   1      {
  130   1              INT4_CLEAR_FLAG;  //清除中断标志
  131   1      }
  132   1      
  133   1      void TM0_Isr() interrupt 1
  134   1      {
  135   1      
  136   1      }
  137   1      void TM1_Isr() interrupt 3
  138   1      {
  139   1      
  140   1      }
  141   1      void TM2_Isr() interrupt 12
  142   1      {
  143   1              TIM2_CLEAR_FLAG;  //清除中断标志
  144   1              
  145   1      }
  146   1      void TM3_Isr() interrupt 19
  147   1      {
  148   1              TIM3_CLEAR_FLAG; //清除中断标志
  149   1              
  150   1      }
  151   1      
  152   1      void TM4_Isr() interrupt 20
  153   1      {
  154   1              TIM4_CLEAR_FLAG; //清除中断标志
  155   1      //      ccd_collect();   //CCD采集数据
  156   1      
  157   1      }
  158   1      
  159   1      //void  INT0_Isr()  interrupt 0;
  160   1      //void  TM0_Isr()   interrupt 1;
  161   1      //void  INT1_Isr()  interrupt 2;
  162   1      //void  TM1_Isr()   interrupt 3;
  163   1      //void  UART1_Isr() interrupt 4;
  164   1      //void  ADC_Isr()   interrupt 5;
  165   1      //void  LVD_Isr()   interrupt 6;
  166   1      //void  PCA_Isr()   interrupt 7;
  167   1      //void  UART2_Isr() interrupt 8;
  168   1      //void  SPI_Isr()   interrupt 9;
  169   1      //void  INT2_Isr()  interrupt 10;
  170   1      //void  INT3_Isr()  interrupt 11;
  171   1      //void  TM2_Isr()   interrupt 12;
  172   1      //void  INT4_Isr()  interrupt 16;
  173   1      //void  UART3_Isr() interrupt 17;
  174   1      //void  UART4_Isr() interrupt 18;
  175   1      //void  TM3_Isr()   interrupt 19;
  176   1      //void  TM4_Isr()   interrupt 20;
  177   1      //void  CMP_Isr()   interrupt 21;
  178   1      //void  I2C_Isr()   interrupt 24;
  179   1      //void  USB_Isr()   interrupt 25;
  180   1      //void  PWM1_Isr()  interrupt 26;
C251 COMPILER V5.60.0,  isr                                                                15/11/23  21:36:23  PAGE 4   

  181   1      //void  PWM2_Isr()  interrupt 27;

C251 COMPILATION COMPLETE.  2 WARNING(S),  6 ERROR(S)
