C251 COMPILER V5.60.0,  main                                                               15/11/23  21:36:23  PAGE 1   


C251 COMPILER V5.60.0, COMPILATION OF MODULE main
OBJECT MODULE PLACED IN .\main.obj
COMPILER INVOKED BY: D:\keil5\keil5_MDK\keil5_MDK_32\C251\BIN\C251.EXE ..\USER\src\main.c INTR2 DEBUG PRINT(.\main.lst) 
                    -OBJECT(.\main.obj) 

stmt  level    source

    1          /********************************************************************************************************
             -*************
    2           * COPYRIGHT NOTICE
    3           * Copyright (c) 2020,逐飞科技
    4           * All rights reserved.
    5           * 技术讨论QQ群：一群：179029047(已满)  二群：244861897(已满)  三群：824575535
    6           *
    7           * 以下所有内容版权均属逐飞科技所有，未经允许不得用于商业用途，
    8           * 欢迎各位使用并传播本程序，修改内容时必须保留逐飞科技的版权声明。
    9           *
   10           * @file                main
   11           * @company                     成都逐飞科技有限公司
   12           * @author              逐飞科技(QQ790875685)
   13           * @version             查看doc内version文件 版本说明
   14           * @Software            MDK FOR C251 V5.60
   15           * @Target core         STC32G12K128
   16           * @Taobao              https://seekfree.taobao.com/
   17           * @date                2020-12-18
   18           ********************************************************************************************************
             -************/
   19          
   20          #include "headfile.h"
*** ERROR C318 IN LINE 20 OF ..\USER\src\main.c: can't open file 'headfile.h'
   21          
   22          
   23          /*
   24           *关于内核频率的设定，可以查看board.h文件
   25           *在board_init中,已经将P54引脚设置为复位
   26           *如果需要使用P54引脚,可以在board.c文件中的board_init()函数中删除SET_P54_RESRT即可
   27           */
   28          
   29          int num=9;
   30          
   31          void main()
   32          {
   33   1          WTST = 0;               //设置程序代码等待参数，赋值为0可将CPU执行程序的速度设置为最快
*** ERROR C67 IN LINE 33 OF ..\USER\src\main.c: 'WTST': undefined identifier
   34   1          
   35   1              DisableGlobalIRQ();             //关闭总中断
*** WARNING C140 IN LINE 35 OF ..\USER\src\main.c: 'DisableGlobalIRQ' undefined; assuming 'extern int DisableGlobalIRQ()
             -'
   36   1              
   37   1          //sys_clk可选值:35000000，30000000, 27000000. 24000000, 22118400, 20000000, 18432000, 12000000, 11059
             -200, 6000000, 5529600。
   38   1          //设置系统频率，此频率需要跟STC-ISP软件中的 <输入用户程序运行的IRC频率>选项的频率一致。
   39   1          //如果频率设置不对，将会导致串口的数据不正常,PWM的工作不正常等等。
   40   1          sys_clk = 35000000;     //设置系统频率为35MHz
*** ERROR C67 IN LINE 40 OF ..\USER\src\main.c: 'sys_clk': undefined identifier
   41   1          
   42   1              board_init();                           //初始化寄存器
*** WARNING C140 IN LINE 42 OF ..\USER\src\main.c: 'board_init' undefined; assuming 'extern int board_init()'
   43   1              oled_init();                            //初始化oled屏幕
*** WARNING C140 IN LINE 43 OF ..\USER\src\main.c: 'oled_init' undefined; assuming 'extern int oled_init()'
   44   1              EnableGlobalIRQ();                      //开启总中断
*** WARNING C140 IN LINE 44 OF ..\USER\src\main.c: 'EnableGlobalIRQ' undefined; assuming 'extern int EnableGlobalIRQ()'
   45   1          while(1)
   46   1              {
   47   2                      //oled_p6x8str(0,0,"seekfree.taobao.com");//显示字符串
C251 COMPILER V5.60.0,  main                                                               15/11/23  21:36:23  PAGE 2   

   48   2                      //oled_uint16(0,1,2333);                                        //显示一个16位无符号变量
   49   2                      oled_int16(0,2,num);                                    //显示一个16位有符号变量
*** WARNING C140 IN LINE 49 OF ..\USER\src\main.c: 'oled_int16' undefined; assuming 'extern int oled_int16()'
*** WARNING C95 IN LINE 49 OF ..\USER\src\main.c: 'oled_int16': too many actual parameters
   50   2            //  oled_printf_int32(0,3,5693,5);          //显示一个变量  去除无效0位
   51   2              //oled_printf_float(0,4,56.356,5,2);      //显示一个浮点数 去除无效0位  整数位显示5位  小数位显示
             -2位
   52   2      
   53   2      num-=1;
   54   2                      delay_ms(100);
*** WARNING C140 IN LINE 54 OF ..\USER\src\main.c: 'delay_ms' undefined; assuming 'extern int delay_ms()'
*** WARNING C95 IN LINE 54 OF ..\USER\src\main.c: 'delay_ms': too many actual parameters
   55   2          }
   56   1      }
   57          

C251 COMPILATION COMPLETE.  8 WARNING(S),  3 ERROR(S)
