C251 COMPILER V5.60.0,  SEEKFREE_TSL1401                                                   15/11/23  21:36:22  PAGE 1   


C251 COMPILER V5.60.0, COMPILATION OF MODULE SEEKFREE_TSL1401
OBJECT MODULE PLACED IN .\SEEKFREE_TSL1401.obj
COMPILER INVOKED BY: D:\keil5\keil5_MDK\keil5_MDK_32\C251\BIN\C251.EXE ..\..\Libraries\seekfree_peripheral\SEEKFREE_TSL1
                    -401.c INTR2 DEBUG PRINT(.\SEEKFREE_TSL1401.lst) OBJECT(.\SEEKFREE_TSL1401.obj) 

stmt  level    source

    1          /********************************************************************************************************
             -*************
    2           * COPYRIGHT NOTICE
    3           * Copyright (c) 2016,逐飞科技
    4           * All rights reserved.
    5           * 技术讨论QQ群：179029047
    6           *
    7           * 以下所有内容版权均属逐飞科技所有，未经允许不得用于商业用途，
    8           * 欢迎各位使用并传播本程序，修改内容时必须保留逐飞科技的版权声明。
    9           *
   10           * @file                SEEKFREE_TSL1401.c
   11           * @brief               红孩儿(线阵CCD)函数库
   12           * @company                     成都逐飞科技有限公司
   13           * @author              Go For It(1325536866)
   14           * @Software            MDK FOR C251 V5.60
   15           * @Target core         STC32G12K128
   16           * @Taobao              https://seekfree.taobao.com/
   17           * @date                2016-02-25
   18           * @note        
   19                                                  TSL1401接线定义：
   20                                                  ------------------------------------ 
   21                                                      模块管脚        单片机管脚
   22                                                      CCD_AO                      查看SEEKFREE_TSL1401.h文件中的AD_CHANNEL 宏定义
   23                                                      CCD_CLK                     查看SEEKFREE_TSL1401.h文件中的CCD_CLK_PIN宏定义
   24                                                      CCD_SI                      查看SEEKFREE_TSL1401.h文件中的CCD_SI_PIN 宏定义
   25                                                  ------------------------------------ 
   26           ********************************************************************************************************
             -************/
   27          
   28          
   29          
   30          #include "SEEKFREE_TSL1401.h"
*** ERROR C318 IN LINE 31 OF ..\..\Libraries\seekfree_peripheral\SEEKFREE_TSL1401.h: can't open file 'common.h'
*** ERROR C318 IN LINE 32 OF ..\..\Libraries\seekfree_peripheral\SEEKFREE_TSL1401.h: can't open file 'zf_uart.h'
*** ERROR C318 IN LINE 33 OF ..\..\Libraries\seekfree_peripheral\SEEKFREE_TSL1401.h: can't open file 'board.h'
*** WARNING C34 IN LINE 53 OF ..\..\Libraries\seekfree_peripheral\SEEKFREE_TSL1401.h: 'ccd_data': missing declaration sp
             -ecifiers
*** ERROR C42 IN LINE 53 OF ..\..\Libraries\seekfree_peripheral\SEEKFREE_TSL1401.h: 'ccd_data': not in formal parameter 
             -list
*** ERROR C29 IN LINE 54 OF ..\..\Libraries\seekfree_peripheral\SEEKFREE_TSL1401.h: formal/parameter has illegal storage
             - class
*** ERROR C33 IN LINE 54 OF ..\..\Libraries\seekfree_peripheral\SEEKFREE_TSL1401.h: 'uint8': invalid storage class
*** ERROR C25 IN LINE 54 OF ..\..\Libraries\seekfree_peripheral\SEEKFREE_TSL1401.h: syntax error near 'tsl1401_finish_fl
             -ag'
*** ERROR C33 IN LINE 54 OF ..\..\Libraries\seekfree_peripheral\SEEKFREE_TSL1401.h: 'tsl1401_finish_flag': invalid stora
             -ge class
*** ERROR C42 IN LINE 56 OF ..\..\Libraries\seekfree_peripheral\SEEKFREE_TSL1401.h: 'ccd_init': not in formal parameter 
             -list
*** ERROR C42 IN LINE 57 OF ..\..\Libraries\seekfree_peripheral\SEEKFREE_TSL1401.h: 'ccd_collect': not in formal paramet
             -er list
*** ERROR C25 IN LINE 58 OF ..\..\Libraries\seekfree_peripheral\SEEKFREE_TSL1401.h: syntax error near 'uart_n'
*** ERROR C42 IN LINE 58 OF ..\..\Libraries\seekfree_peripheral\SEEKFREE_TSL1401.h: 'ccd_send_data': not in formal param
             -eter list
   31          #include "zf_adc.h"
*** ERROR C318 IN LINE 31 OF ..\..\Libraries\seekfree_peripheral\SEEKFREE_TSL1401.c: can't open file 'zf_adc.h'
   32          #include "zf_uart.h"
*** ERROR C318 IN LINE 32 OF ..\..\Libraries\seekfree_peripheral\SEEKFREE_TSL1401.c: can't open file 'zf_uart.h'
   33          #include "board.h"
C251 COMPILER V5.60.0,  SEEKFREE_TSL1401                                                   15/11/23  21:36:22  PAGE 2   

*** ERROR C318 IN LINE 33 OF ..\..\Libraries\seekfree_peripheral\SEEKFREE_TSL1401.c: can't open file 'board.h'
   34          
   35          
   36          
   37          uint8 tsl1401_finish_flag;
*** WARNING C34 IN LINE 37 OF ..\..\Libraries\seekfree_peripheral\SEEKFREE_TSL1401.c: 'uint8': missing declaration speci
             -fiers
*** ERROR C42 IN LINE 37 OF ..\..\Libraries\seekfree_peripheral\SEEKFREE_TSL1401.c: 'uint8': not in formal parameter lis
             -t
*** ERROR C25 IN LINE 37 OF ..\..\Libraries\seekfree_peripheral\SEEKFREE_TSL1401.c: syntax error near 'tsl1401_finish_fl
             -ag'
*** WARNING C34 IN LINE 37 OF ..\..\Libraries\seekfree_peripheral\SEEKFREE_TSL1401.c: 'tsl1401_finish_flag': missing dec
             -laration specifiers
*** ERROR C42 IN LINE 37 OF ..\..\Libraries\seekfree_peripheral\SEEKFREE_TSL1401.c: 'tsl1401_finish_flag': not in formal
             - parameter list
   38          uint16 ccd_data[128];                           //CCD数据
*** WARNING C34 IN LINE 38 OF ..\..\Libraries\seekfree_peripheral\SEEKFREE_TSL1401.c: 'uint16': missing declaration spec
             -ifiers
*** ERROR C42 IN LINE 38 OF ..\..\Libraries\seekfree_peripheral\SEEKFREE_TSL1401.c: 'uint16': not in formal parameter li
             -st
*** ERROR C25 IN LINE 38 OF ..\..\Libraries\seekfree_peripheral\SEEKFREE_TSL1401.c: syntax error near 'ccd_data'
*** WARNING C34 IN LINE 38 OF ..\..\Libraries\seekfree_peripheral\SEEKFREE_TSL1401.c: 'ccd_data': missing declaration sp
             -ecifiers
*** ERROR C42 IN LINE 38 OF ..\..\Libraries\seekfree_peripheral\SEEKFREE_TSL1401.c: 'ccd_data': not in formal parameter 
             -list
   39          //uint16 ccd_data_ch2[128];                       //CCD数据通道2
   40          
   41          //-------------------------------------------------------------------------------------------------------
             -------------
   42          //  @brief      TSL1401线阵CCD初始化
   43          //  @param      NULL
   44          //  @return     void
   45          //  @since      v1.0
   46          //  Sample usage:                       
   47          //-------------------------------------------------------------------------------------------------------
             -------------
   48          void ccd_init(void)     
   49          {       
*** ERROR C42 IN LINE 49 OF ..\..\Libraries\seekfree_peripheral\SEEKFREE_TSL1401.c: 'ccd_init': not in formal parameter 
             -list
*** ERROR C25 IN LINE 49 OF ..\..\Libraries\seekfree_peripheral\SEEKFREE_TSL1401.c: syntax error near '{'
   50              adc_init(AD_CHANNEL,0X01);
   51              //adc_init(AD_CHANNEL_CH2,0X01);     
   52                  pit_timer_ms(TIM_4,10);
   53          }
   54          
   55          //-------------------------------------------------------------------------------------------------------
             -------------
   56          //  @brief      TSL1401线阵CCD图像发送至上位机查看图像
   57          //  @param      uart_n                  串口号
   58          //  @param      uart_n                  线性CCD数据指针
   59          //  @return     void                    
   60          //  @since      v1.0
   61          //  Sample usage:                               调用该函数前请先初始化串口
   62          //-------------------------------------------------------------------------------------------------------
             -------------
   63          void ccd_send_data(UARTN_enum uart_n ,uint16 *dat)
*** ERROR C42 IN LINE 63 OF ..\..\Libraries\seekfree_peripheral\SEEKFREE_TSL1401.c: 'dat': not in formal parameter list
   64          {
   65             uint8 i = 0;
   66             uart_putchar(uart_n,0x00); 
   67             uart_putchar(uart_n,0xff);
   68             uart_putchar(uart_n,0x01);
   69             uart_putchar(uart_n,0x00);
   70             
   71                  for(i=0; i<128; i++)        
C251 COMPILER V5.60.0,  SEEKFREE_TSL1401                                                   15/11/23  21:36:22  PAGE 3   

   72                  {
   73                          uart_putchar(uart_n, (uint8)(dat[i]>>8));   //发送高8位
   74                          uart_putchar(uart_n, (uint8)(dat[i]&0XFF)); //发送高低8位          
   75                  }
   76          }
   77          
   78          
   79          //-------------------------------------------------------------------------------------------------------
             -------------
   80          //  @brief      TSL1401线阵CCD数据采集
   81          //  @param      NULL
   82          //  @return     void
   83          //  @since      v1.0
   84          //  Sample usage:                               在isr.c里面先创建对应的中断函数，然后调用该函数(之后别忘记
             -清除中断标志位)
   85          //-------------------------------------------------------------------------------------------------------
             -------------
   86          void ccd_collect(void)
   87          {
   88              uint8 i = 0;
   89          
   90              CCD_CLK(1);
   91              CCD_SI(0);
   92                  CCD_CLK(0);
   93              CCD_SI(1);
   94              CCD_CLK(1);
   95              CCD_SI(0);
   96                  
   97              for(i=0;i<128;i++)
   98              {
   99                          CCD_CLK(0);  
  100                          ccd_data[i] = adc_once(AD_CHANNEL, AD_RESOLUTION); 
  101                  //ccd_data_ch2[i] = adc_once(AD_CHANNEL_CH2, AD_RESOLUTION);
  102                          CCD_CLK(1); 
  103              }
  104                  tsl1401_finish_flag = 1;
  105          }
*** ERROR C7 IN LINE 105 OF ..\..\Libraries\seekfree_peripheral\SEEKFREE_TSL1401.c: compilation aborted

C251 COMPILATION COMPLETE.  5 WARNING(S),  25 ERROR(S)
