C251 COMPILER V5.60.0,  SEEKFREE_WIRELESS_CH573                                            15/11/23  21:36:23  PAGE 1   


C251 COMPILER V5.60.0, COMPILATION OF MODULE SEEKFREE_WIRELESS_CH573
OBJECT MODULE PLACED IN .\SEEKFREE_WIRELESS_CH573.obj
COMPILER INVOKED BY: D:\keil5\keil5_MDK\keil5_MDK_32\C251\BIN\C251.EXE ..\..\Libraries\seekfree_peripheral\SEEKFREE_WIRE
                    -LESS_CH573.c INTR2 DEBUG PRINT(.\SEEKFREE_WIRELESS_CH573.lst) OBJECT(.\SEEKFREE_WIRELESS_CH573.obj) 

stmt  level    source

    1          /********************************************************************************************************
             -*************
    2          * COPYRIGHT NOTICE
    3          * Copyright (c) 2019,逐飞科技
    4          * All rights reserved.
    5          *
    6          * 以下所有内容版权均属逐飞科技所有，未经允许不得用于商业用途，
    7          * 欢迎各位使用并传播本程序，修改内容时必须保留逐飞科技的版权声明。
    8          *
    9          * @file             zf_device_wireless_ch573
   10          * @company          成都逐飞科技有限公司
   11          * @author           逐飞科技(QQ790875685)
   12          * @version          查看doc内version文件 版本说明
   13          * @Software         MounRiver Studio V1.51
   14          * @Target core      CH32V307VCT6
   15          * @Taobao           https://seekfree.taobao.com/
   16          * @date             2022-03-02
   17          * @note
   18          *********************************************************************************************************
             -***********/
   19          
   20          #include "SEEKFREE_WIRELESS_CH573.h"
*** ERROR C318 IN LINE 23 OF ..\..\Libraries\seekfree_peripheral\SEEKFREE_WIRELESS_CH573.h: can't open file 'common.h'
*** ERROR C25 IN LINE 45 OF ..\..\Libraries\seekfree_peripheral\SEEKFREE_WIRELESS_CH573.h: syntax error near '*'
*** ERROR C42 IN LINE 45 OF ..\..\Libraries\seekfree_peripheral\SEEKFREE_WIRELESS_CH573.h: 'wireless_ch573_send_buff': n
             -ot in formal parameter list
*** WARNING C34 IN LINE 46 OF ..\..\Libraries\seekfree_peripheral\SEEKFREE_WIRELESS_CH573.h: 'uint32': missing declarati
             -on specifiers
*** ERROR C42 IN LINE 46 OF ..\..\Libraries\seekfree_peripheral\SEEKFREE_WIRELESS_CH573.h: 'uint32': not in formal param
             -eter list
*** ERROR C25 IN LINE 46 OF ..\..\Libraries\seekfree_peripheral\SEEKFREE_WIRELESS_CH573.h: syntax error near 'wireless_c
             -h573_read_buff'
*** ERROR C25 IN LINE 46 OF ..\..\Libraries\seekfree_peripheral\SEEKFREE_WIRELESS_CH573.h: syntax error near '*'
*** ERROR C42 IN LINE 46 OF ..\..\Libraries\seekfree_peripheral\SEEKFREE_WIRELESS_CH573.h: 'wireless_ch573_read_buff': n
             -ot in formal parameter list
   21          #include "zf_uart.h"
*** ERROR C318 IN LINE 21 OF ..\..\Libraries\seekfree_peripheral\SEEKFREE_WIRELESS_CH573.c: can't open file 'zf_uart.h'
   22          #include "zf_fifo.h"
*** ERROR C318 IN LINE 22 OF ..\..\Libraries\seekfree_peripheral\SEEKFREE_WIRELESS_CH573.c: can't open file 'zf_fifo.h'
   23          
   24          
   25          static  fifo_struct     wireless_ch573_fifo;
*** ERROR C29 IN LINE 25 OF ..\..\Libraries\seekfree_peripheral\SEEKFREE_WIRELESS_CH573.c: formal/parameter has illegal 
             -storage class
*** ERROR C33 IN LINE 25 OF ..\..\Libraries\seekfree_peripheral\SEEKFREE_WIRELESS_CH573.c: 'fifo_struct': invalid storag
             -e class
*** ERROR C25 IN LINE 25 OF ..\..\Libraries\seekfree_peripheral\SEEKFREE_WIRELESS_CH573.c: syntax error near 'wireless_c
             -h573_fifo'
*** ERROR C33 IN LINE 25 OF ..\..\Libraries\seekfree_peripheral\SEEKFREE_WIRELESS_CH573.c: 'wireless_ch573_fifo': invali
             -d storage class
   26          static  uint8           wireless_ch573_buffer[WIRELESS_CH573_BUFFER_SIZE];  // 数据存放数组
*** ERROR C29 IN LINE 26 OF ..\..\Libraries\seekfree_peripheral\SEEKFREE_WIRELESS_CH573.c: formal/parameter has illegal 
             -storage class
*** ERROR C33 IN LINE 26 OF ..\..\Libraries\seekfree_peripheral\SEEKFREE_WIRELESS_CH573.c: 'uint8': invalid storage clas
             -s
*** ERROR C25 IN LINE 26 OF ..\..\Libraries\seekfree_peripheral\SEEKFREE_WIRELESS_CH573.c: syntax error near 'wireless_c
             -h573_buffer'
*** ERROR C33 IN LINE 26 OF ..\..\Libraries\seekfree_peripheral\SEEKFREE_WIRELESS_CH573.c: 'wireless_ch573_buffer': inva
C251 COMPILER V5.60.0,  SEEKFREE_WIRELESS_CH573                                            15/11/23  21:36:23  PAGE 2   

             -lid storage class
   27          
   28          static          uint8   wireless_ch573_data;
*** ERROR C29 IN LINE 28 OF ..\..\Libraries\seekfree_peripheral\SEEKFREE_WIRELESS_CH573.c: formal/parameter has illegal 
             -storage class
*** ERROR C33 IN LINE 28 OF ..\..\Libraries\seekfree_peripheral\SEEKFREE_WIRELESS_CH573.c: 'uint8': invalid storage clas
             -s
*** ERROR C25 IN LINE 28 OF ..\..\Libraries\seekfree_peripheral\SEEKFREE_WIRELESS_CH573.c: syntax error near 'wireless_c
             -h573_data'
*** ERROR C33 IN LINE 28 OF ..\..\Libraries\seekfree_peripheral\SEEKFREE_WIRELESS_CH573.c: 'wireless_ch573_data': invali
             -d storage class
   29          
   30          
   31          //-------------------------------------------------------------------------------------------------------
             -------------
   32          //  @brief      573转串口模块回调函数
   33          //  @param      NULL
   34          //  @return     void                                    
   35          //  @since      v1.0
   36          //  Sample usage:       
   37          //  @note       
   38          //-------------------------------------------------------------------------------------------------------
             -------------
   39          void wireless_ch573_callback(void)
   40          {
*** ERROR C42 IN LINE 40 OF ..\..\Libraries\seekfree_peripheral\SEEKFREE_WIRELESS_CH573.c: 'wireless_ch573_callback': no
             -t in formal parameter list
*** ERROR C25 IN LINE 40 OF ..\..\Libraries\seekfree_peripheral\SEEKFREE_WIRELESS_CH573.c: syntax error near '{'
   41              //接到一个字节后单片机将会进入串口中断，通过在此处读取wireless_ch573_data可以取走数据
   42              wireless_ch573_data = WIRELESS_CH573_DATA_BUF;
   43              fifo_write_buffer(&wireless_ch573_fifo, &wireless_ch573_data, 1);       // 存入 FIFO
   44          }
   45          
   46          
   47          
   48          
   49          //-------------------------------------------------------------------------------------------------------
             -------------
   50          //  @brief      573转串口模块 发送函数
   51          //  @param      buff        需要发送的数据地址
   52          //  @param      len         发送长度
   53          //  @return     uint32      剩余未发送的字节数   
   54          //  @since      v1.0
   55          //  Sample usage:       
   56          //  @note       
   57          //-------------------------------------------------------------------------------------------------------
             -------------
   58          uint32 wireless_ch573_send_buff(uint8 *buff, uint16 len)
*** ERROR C42 IN LINE 58 OF ..\..\Libraries\seekfree_peripheral\SEEKFREE_WIRELESS_CH573.c: 'buff': not in formal paramet
             -er list
*** ERROR C42 IN LINE 58 OF ..\..\Libraries\seekfree_peripheral\SEEKFREE_WIRELESS_CH573.c: 'uint16': not in formal param
             -eter list
*** ERROR C25 IN LINE 58 OF ..\..\Libraries\seekfree_peripheral\SEEKFREE_WIRELESS_CH573.c: syntax error near 'len'
*** ERROR C42 IN LINE 58 OF ..\..\Libraries\seekfree_peripheral\SEEKFREE_WIRELESS_CH573.c: 'len': not in formal paramete
             -r list
   59          {
   60              while(len>30)
   61              {
   62                  if(WIRELESS_CH573_RTS_PIN == 1)  
   63                  {
   64                      return len;//模块忙,如果允许当前程序使用while等待 则可以使用后面注释的while等待语句替换本if语
             -句
   65                  }
   66                  //while(RTS_PIN);  //如果RTS为低电平，则继续发送数据
   67                  uart_putbuff(WIRELESS_CH573_UART,buff,30);
   68          
C251 COMPILER V5.60.0,  SEEKFREE_WIRELESS_CH573                                            15/11/23  21:36:23  PAGE 3   

   69                  buff += 30; //地址偏移
   70                  len -= 30;//数量
   71              }
   72              
   73              if(WIRELESS_CH573_RTS_PIN == 1)  
   74              {
   75                  return len;//模块忙,如果允许当前程序使用while等待 则可以使用后面注释的while等待语句替换本if语句
   76              }
   77              //while(WIRELESS_CH573_RTS_PIN);  //如果RTS为低电平，则继续发送数据
   78              uart_putbuff(WIRELESS_CH573_UART,buff,len);//发送最后的数据
   79              
   80              return 0;
   81          }
   82          
   83          
   84          //-------------------------------------------------------------------------------------------------------
             -------------
   85          //  @brief      无线转串口模块 读取函数
   86          //  @param      buff            存储的数据地址
   87          //  @param      len             长度
   88          //  @return     uint32          实际读取字节数
   89          //  Sample usage:
   90          //-------------------------------------------------------------------------------------------------------
             -------------
   91          uint32 wireless_ch573_read_buff (uint8 *buff, uint32 len)
*** ERROR C42 IN LINE 91 OF ..\..\Libraries\seekfree_peripheral\SEEKFREE_WIRELESS_CH573.c: 'buff': not in formal paramet
             -er list
*** ERROR C42 IN LINE 91 OF ..\..\Libraries\seekfree_peripheral\SEEKFREE_WIRELESS_CH573.c: 'uint32': not in formal param
             -eter list
*** ERROR C25 IN LINE 91 OF ..\..\Libraries\seekfree_peripheral\SEEKFREE_WIRELESS_CH573.c: syntax error near 'len'
*** ERROR C42 IN LINE 91 OF ..\..\Libraries\seekfree_peripheral\SEEKFREE_WIRELESS_CH573.c: 'len': not in formal paramete
             -r list
   92          {
   93              uint32 data_len = len;
   94              fifo_read_buffer(&wireless_ch573_fifo, buff, &data_len, FIFO_READ_AND_CLEAN);
   95              return data_len;
   96          }
   97          
   98          
   99          
  100          
  101          
  102          //-------------------------------------------------------------------------------------------------------
             -------------
  103          //  @brief      573转串口模块初始化
  104          //  @param      NULL
  105          //  @return     void                                    
  106          //  @since      v1.0
  107          //  Sample usage:       
  108          //  @note       
  109          //-------------------------------------------------------------------------------------------------------
             -------------
  110          void wireless_ch573_init(void)
  111          {
  112              WIRELESS_CH573_RTS_PIN = 0;
  113              wireless_type = WIRELESS_CH573;
  114              //本函数使用的波特率为115200，为573转串口模块的默认波特率，如需其他波特率请自行配置模块并修改串口的波
             -特率
  115              fifo_init(&wireless_ch573_fifo, wireless_ch573_buffer, WIRELESS_CH573_BUFFER_SIZE);
  116              uart_init(WIRELESS_CH573_UART, WIRELESS_CH573_UART_RX_PIN, WIRELESS_CH573_UART_TX_PIN, WIRELESS_CH573
             -_UART_BAUD, WIRELESS_CH573_TIMER_N);   //初始化串口    
  117              
  118          }
*** ERROR C7 IN LINE 118 OF ..\..\Libraries\seekfree_peripheral\SEEKFREE_WIRELESS_CH573.c: compilation aborted

C251 COMPILATION COMPLETE.  1 WARNING(S),  32 ERROR(S)
