C251 COMPILER V5.60.0,  SEEKFREE_AT24C02                                                   15/11/23  21:36:22  PAGE 1   


C251 COMPILER V5.60.0, COMPILATION OF MODULE SEEKFREE_AT24C02
OBJECT MODULE PLACED IN .\SEEKFREE_AT24C02.obj
COMPILER INVOKED BY: D:\keil5\keil5_MDK\keil5_MDK_32\C251\BIN\C251.EXE ..\..\Libraries\seekfree_peripheral\SEEKFREE_AT24
                    -C02.c INTR2 DEBUG PRINT(.\SEEKFREE_AT24C02.lst) OBJECT(.\SEEKFREE_AT24C02.obj) 

stmt  level    source

    1          /********************************************************************************************************
             -*************
    2           * COPYRIGHT NOTICE
    3           * Copyright (c) 2018,逐飞科技
    4           * All rights reserved.
    5           * 技术讨论QQ群：一群：179029047(已满)  二群：244861897
    6           *
    7           * 以下所有内容版权均属逐飞科技所有，未经允许不得用于商业用途，
    8           * 欢迎各位使用并传播本程序，修改内容时必须保留逐飞科技的版权声明。
    9           *
   10           * @file                虚拟示波器协议
   11           * @company                     成都逐飞科技有限公司
   12           * @author              逐飞科技(QQ3184284598)
   13           * @version             查看doc内version文件 版本说明
   14           * @Software            MDK FOR C251 V5.60
   15           * @Target core         STC32G12K128
   16           * @Taobao              https://seekfree.taobao.com/
   17           * @date                2019-04-30
   18           * @note                    
   19           ********************************************************************************************************
             -************/
   20          #include "zf_delay.h"
*** ERROR C318 IN LINE 20 OF ..\..\Libraries\seekfree_peripheral\SEEKFREE_AT24C02.c: can't open file 'zf_delay.h'
   21          #include "SEEKFREE_IIC.h"
*** ERROR C318 IN LINE 32 OF ..\..\Libraries\seekfree_peripheral\SEEKFREE_IIC.h: can't open file 'common.h'
*** ERROR C25 IN LINE 47 OF ..\..\Libraries\seekfree_peripheral\SEEKFREE_IIC.h: syntax error near 'ack_main'
*** ERROR C25 IN LINE 48 OF ..\..\Libraries\seekfree_peripheral\SEEKFREE_IIC.h: syntax error near 'c'
*** ERROR C25 IN LINE 49 OF ..\..\Libraries\seekfree_peripheral\SEEKFREE_IIC.h: syntax error near 'ack'
*** ERROR C42 IN LINE 49 OF ..\..\Libraries\seekfree_peripheral\SEEKFREE_IIC.h: 'read_ch': not in formal parameter list
*** ERROR C25 IN LINE 50 OF ..\..\Libraries\seekfree_peripheral\SEEKFREE_IIC.h: syntax error near 'dev_add'
*** ERROR C42 IN LINE 50 OF ..\..\Libraries\seekfree_peripheral\SEEKFREE_IIC.h: 'simiic_write_reg': not in formal parame
             -ter list
*** WARNING C34 IN LINE 51 OF ..\..\Libraries\seekfree_peripheral\SEEKFREE_IIC.h: 'uint8': missing declaration specifier
             -s
*** ERROR C42 IN LINE 51 OF ..\..\Libraries\seekfree_peripheral\SEEKFREE_IIC.h: 'uint8': not in formal parameter list
*** ERROR C25 IN LINE 51 OF ..\..\Libraries\seekfree_peripheral\SEEKFREE_IIC.h: syntax error near 'simiic_read_reg'
*** ERROR C25 IN LINE 51 OF ..\..\Libraries\seekfree_peripheral\SEEKFREE_IIC.h: syntax error near 'dev_add'
*** ERROR C42 IN LINE 51 OF ..\..\Libraries\seekfree_peripheral\SEEKFREE_IIC.h: 'simiic_read_reg': not in formal paramet
             -er list
*** ERROR C25 IN LINE 52 OF ..\..\Libraries\seekfree_peripheral\SEEKFREE_IIC.h: syntax error near 'dev_add'
*** ERROR C42 IN LINE 52 OF ..\..\Libraries\seekfree_peripheral\SEEKFREE_IIC.h: 'simiic_read_regs': not in formal parame
             -ter list
*** ERROR C42 IN LINE 53 OF ..\..\Libraries\seekfree_peripheral\SEEKFREE_IIC.h: 'simiic_init': not in formal parameter l
             -ist
   22          #include "SEEKFREE_AT24C02.h"
*** ERROR C318 IN LINE 24 OF ..\..\Libraries\seekfree_peripheral\SEEKFREE_AT24C02.h: can't open file 'common.h'
*** ERROR C25 IN LINE 34 OF ..\..\Libraries\seekfree_peripheral\SEEKFREE_AT24C02.h: syntax error near 'byte_reg'
*** ERROR C42 IN LINE 34 OF ..\..\Libraries\seekfree_peripheral\SEEKFREE_AT24C02.h: 'at24c02_write_byte': not in formal 
             -parameter list
*** WARNING C34 IN LINE 35 OF ..\..\Libraries\seekfree_peripheral\SEEKFREE_AT24C02.h: 'uint8': missing declaration speci
             -fiers
*** ERROR C42 IN LINE 35 OF ..\..\Libraries\seekfree_peripheral\SEEKFREE_AT24C02.h: 'uint8': not in formal parameter lis
             -t
*** ERROR C25 IN LINE 35 OF ..\..\Libraries\seekfree_peripheral\SEEKFREE_AT24C02.h: syntax error near 'at24c02_read_byte
             -'
*** ERROR C25 IN LINE 35 OF ..\..\Libraries\seekfree_peripheral\SEEKFREE_AT24C02.h: syntax error near 'byte_reg'
*** ERROR C42 IN LINE 35 OF ..\..\Libraries\seekfree_peripheral\SEEKFREE_AT24C02.h: 'at24c02_read_byte': not in formal p
             -arameter list
C251 COMPILER V5.60.0,  SEEKFREE_AT24C02                                                   15/11/23  21:36:22  PAGE 2   

*** ERROR C25 IN LINE 36 OF ..\..\Libraries\seekfree_peripheral\SEEKFREE_AT24C02.h: syntax error near 'byte_reg'
*** ERROR C7 IN LINE 36 OF ..\..\Libraries\seekfree_peripheral\SEEKFREE_AT24C02.h: compilation aborted

C251 COMPILATION COMPLETE.  2 WARNING(S),  24 ERROR(S)
