C251 COMPILER V5.60.0,  SEEKFREE_VIRSCO                                                    15/11/23  21:36:22  PAGE 1   


C251 COMPILER V5.60.0, COMPILATION OF MODULE SEEKFREE_VIRSCO
OBJECT MODULE PLACED IN .\SEEKFREE_VIRSCO.obj
COMPILER INVOKED BY: D:\keil5\keil5_MDK\keil5_MDK_32\C251\BIN\C251.EXE ..\..\Libraries\seekfree_peripheral\SEEKFREE_VIRS
                    -CO.c INTR2 DEBUG PRINT(.\SEEKFREE_VIRSCO.lst) OBJECT(.\SEEKFREE_VIRSCO.obj) 

stmt  level    source

    1          /********************************************************************************************************
             -*************
    2           * COPYRIGHT NOTICE
    3           * Copyright (c) 2018,逐飞科技
    4           * All rights reserved.
    5           * 技术讨论QQ群：一群：179029047(已满)  二群：244861897
    6           *
    7           * 以下所有内容版权均属逐飞科技所有，未经允许不得用于商业用途，
    8           * 欢迎各位使用并传播本程序，修改内容时必须保留逐飞科技的版权声明。
    9           *
   10           * @file                虚拟示波器协议
   11           * @company                     成都逐飞科技有限公司
   12           * @author              逐飞科技(QQ3184284598)
   13           * @version             查看doc内version文件 版本说明
   14           * @Software            MDK FOR C251 V5.60
   15           * @Target core         STC32G12K128
   16           * @Taobao              https://seekfree.taobao.com/
   17           * @date                2019-04-30
   18           * @note                    示波器下载地址：https://pan.baidu.com/s/198CMXTZsbI3HAEqNXDngBw（包含清华直立方案资料）
   19           ********************************************************************************************************
             -************/
   20          
   21          
   22          
   23          #include "zf_uart.h"
*** ERROR C318 IN LINE 23 OF ..\..\Libraries\seekfree_peripheral\SEEKFREE_VIRSCO.c: can't open file 'zf_uart.h'
   24          #include "SEEKFREE_WIRELESS.h"
*** ERROR C318 IN LINE 32 OF ..\..\Libraries\seekfree_peripheral\SEEKFREE_WIRELESS.h: can't open file 'common.h'
*** ERROR C25 IN LINE 54 OF ..\..\Libraries\seekfree_peripheral\SEEKFREE_WIRELESS.h: syntax error near '*'
*** ERROR C42 IN LINE 54 OF ..\..\Libraries\seekfree_peripheral\SEEKFREE_WIRELESS.h: 'wireless_uart_send_buff': not in f
             -ormal parameter list
*** WARNING C34 IN LINE 55 OF ..\..\Libraries\seekfree_peripheral\SEEKFREE_WIRELESS.h: 'uint32': missing declaration spe
             -cifiers
*** ERROR C42 IN LINE 55 OF ..\..\Libraries\seekfree_peripheral\SEEKFREE_WIRELESS.h: 'uint32': not in formal parameter l
             -ist
*** ERROR C25 IN LINE 55 OF ..\..\Libraries\seekfree_peripheral\SEEKFREE_WIRELESS.h: syntax error near 'wireless_uart_re
             -ad_buff'
*** ERROR C25 IN LINE 55 OF ..\..\Libraries\seekfree_peripheral\SEEKFREE_WIRELESS.h: syntax error near '*'
*** ERROR C42 IN LINE 55 OF ..\..\Libraries\seekfree_peripheral\SEEKFREE_WIRELESS.h: 'wireless_uart_read_buff': not in f
             -ormal parameter list
   25          #include "SEEKFREE_VIRSCO.h"
*** ERROR C318 IN LINE 24 OF ..\..\Libraries\seekfree_peripheral\SEEKFREE_VIRSCO.h: can't open file 'common.h'
*** ERROR C29 IN LINE 27 OF ..\..\Libraries\seekfree_peripheral\SEEKFREE_VIRSCO.h: formal/parameter has illegal storage 
             -class
*** ERROR C33 IN LINE 27 OF ..\..\Libraries\seekfree_peripheral\SEEKFREE_VIRSCO.h: 'uint8': invalid storage class
*** ERROR C25 IN LINE 27 OF ..\..\Libraries\seekfree_peripheral\SEEKFREE_VIRSCO.h: syntax error near 'virtual_scope_data
             -'
*** ERROR C33 IN LINE 27 OF ..\..\Libraries\seekfree_peripheral\SEEKFREE_VIRSCO.h: 'virtual_scope_data': invalid storage
             - class
*** ERROR C25 IN LINE 29 OF ..\..\Libraries\seekfree_peripheral\SEEKFREE_VIRSCO.h: syntax error near 'data1'
*** ERROR C42 IN LINE 29 OF ..\..\Libraries\seekfree_peripheral\SEEKFREE_VIRSCO.h: 'data_conversion': not in formal para
             -meter list
   26          
   27          
   28          uint8 virtual_scope_data[10];
*** WARNING C34 IN LINE 28 OF ..\..\Libraries\seekfree_peripheral\SEEKFREE_VIRSCO.c: 'uint8': missing declaration specif
             -iers
*** ERROR C42 IN LINE 28 OF ..\..\Libraries\seekfree_peripheral\SEEKFREE_VIRSCO.c: 'uint8': not in formal parameter list
C251 COMPILER V5.60.0,  SEEKFREE_VIRSCO                                                    15/11/23  21:36:22  PAGE 2   

*** ERROR C25 IN LINE 28 OF ..\..\Libraries\seekfree_peripheral\SEEKFREE_VIRSCO.c: syntax error near 'virtual_scope_data
             -'
*** WARNING C34 IN LINE 28 OF ..\..\Libraries\seekfree_peripheral\SEEKFREE_VIRSCO.c: 'virtual_scope_data': missing decla
             -ration specifiers
*** ERROR C42 IN LINE 28 OF ..\..\Libraries\seekfree_peripheral\SEEKFREE_VIRSCO.c: 'virtual_scope_data': not in formal p
             -arameter list
   29          
   30          //-------------------------------------------------------------------------------------------------------
             -------------
   31          //  @brief      CRC校验（内部使用，用户无需关心）
   32          //  @param      Buf             需要进行CRC计算的数据地址
   33          //  @param      CRC_CNT         需要进行CRC计算的数据个数
   34          //  @return     void            
   35          //  @since      v1.0            
   36          //  Sample usage:                       
   37          //-------------------------------------------------------------------------------------------------------
             -------------
   38          uint16 CRC_CHECK(uint8 *Buf, uint8 CRC_CNT)
*** WARNING C34 IN LINE 38 OF ..\..\Libraries\seekfree_peripheral\SEEKFREE_VIRSCO.c: 'uint16': missing declaration speci
             -fiers
*** ERROR C42 IN LINE 38 OF ..\..\Libraries\seekfree_peripheral\SEEKFREE_VIRSCO.c: 'uint16': not in formal parameter lis
             -t
*** ERROR C25 IN LINE 38 OF ..\..\Libraries\seekfree_peripheral\SEEKFREE_VIRSCO.c: syntax error near 'CRC_CHECK'
*** ERROR C25 IN LINE 38 OF ..\..\Libraries\seekfree_peripheral\SEEKFREE_VIRSCO.c: syntax error near '*'
   39          {
*** ERROR C42 IN LINE 39 OF ..\..\Libraries\seekfree_peripheral\SEEKFREE_VIRSCO.c: 'CRC_CHECK': not in formal parameter 
             -list
   40              uint16 CRC_Temp;
   41              uint8 i,j;
   42              CRC_Temp = 0xffff;
   43          
   44              for (i=0;i<CRC_CNT; i++){      
   45                  CRC_Temp ^= Buf[i];
   46                  for (j=0;j<8;j++) {
   47                      if (CRC_Temp & 0x01)
   48                          CRC_Temp = (CRC_Temp >>1 ) ^ 0xa001;
   49                      else
   50                          CRC_Temp = CRC_Temp >> 1;
   51                  }
   52              }
   53              return(CRC_Temp);
   54          }
   55          
   56          //-------------------------------------------------------------------------------------------------------
             -------------
   57          //  @brief      虚拟示波器数据转换函数
   58          //  @param      data1       要发送的第一个数据
   59          //  @param      data2       要发送的第二个数据
   60          //  @param      data3       要发送的第三个数据
   61          //  @param      data4       要发送的第四个数据
   62          //  @param      *dat        转换之后存放数据的地址
   63          //  @return     void            
   64          //  @since      v1.0            
   65          //  Sample usage:                       
   66          //-------------------------------------------------------------------------------------------------------
             -------------
   67          void data_conversion(int16 data1, int16 data2, int16 data3, int16 data4, uint8 *dat)
*** WARNING C34 IN LINE 67 OF ..\..\Libraries\seekfree_peripheral\SEEKFREE_VIRSCO.c: 'dat': missing declaration specifie
             -rs
*** ERROR C42 IN LINE 67 OF ..\..\Libraries\seekfree_peripheral\SEEKFREE_VIRSCO.c: 'dat': not in formal parameter list
   68          {
   69              uint16 CRC16;
   70              
   71              dat[0] = (uint8)((uint16)data1&0xff);
   72              dat[1] = (uint8)((uint16)data1>>8);
   73              
C251 COMPILER V5.60.0,  SEEKFREE_VIRSCO                                                    15/11/23  21:36:22  PAGE 3   

   74              dat[2] = (uint8)((uint16)data2&0xff);
   75              dat[3] = (uint8)((uint16)data2>>8);
   76              
   77              dat[4] = (uint8)((uint16)data3&0xff);
   78              dat[5] = (uint8)((uint16)data3>>8);
   79              
   80              dat[6] = (uint8)((uint16)data4&0xff);
   81              dat[7] = (uint8)((uint16)data4>>8);
   82          
   83              CRC16  = CRC_CHECK(dat,8);
   84              dat[8] = (uint8)(CRC16&0xff);
   85              dat[9] = (uint8)(CRC16>>8);
   86              
   87              //uart_putbuff(USART_0,dat,10);  //数据转换完成后，使用串口发送将数组的内容发送出去
   88          }
   89          
*** ERROR C7 IN LINE 89 OF ..\..\Libraries\seekfree_peripheral\SEEKFREE_VIRSCO.c: compilation aborted

C251 COMPILATION COMPLETE.  5 WARNING(S),  24 ERROR(S)
