C251 COMPILER V5.60.0,  SEEKFREE_MPU6050                                                   15/11/23  21:36:21  PAGE 1   


C251 COMPILER V5.60.0, COMPILATION OF MODULE SEEKFREE_MPU6050
OBJECT MODULE PLACED IN .\SEEKFREE_MPU6050.obj
COMPILER INVOKED BY: D:\keil5\keil5_MDK\keil5_MDK_32\C251\BIN\C251.EXE ..\..\Libraries\seekfree_peripheral\SEEKFREE_MPU6
                    -050.c INTR2 DEBUG PRINT(.\SEEKFREE_MPU6050.lst) OBJECT(.\SEEKFREE_MPU6050.obj) 

stmt  level    source

    1          /********************************************************************************************************
             -*************
    2           * COPYRIGHT NOTICE
    3           * Copyright (c) 2018,逐飞科技
    4           * All rights reserved.
    5           * 技术讨论QQ群：一群：179029047(已满)  二群：244861897
    6           *
    7           * 以下所有内容版权均属逐飞科技所有，未经允许不得用于商业用途，
    8           * 欢迎各位使用并传播本程序，修改内容时必须保留逐飞科技的版权声明。
    9           *
   10           * @file                MPU6050
   11           * @company                     成都逐飞科技有限公司
   12           * @author              逐飞科技(QQ3184284598)
   13           * @version             查看doc内version文件 版本说明
   14           * @Software            MDK FOR C251 V5.60
   15           * @Target core         STC32G12K128
   16           * @Taobao              https://seekfree.taobao.com/
   17           * @date                2019-04-30
   18           * @note                
   19                                                  接线定义：
   20                                                  ------------------------------------ 
   21                                                          软件IIC
   22                                  SCL                 查看SEEKFREE_IIC文件内的SEEKFREE_SCL宏定义
   23                                                          SDA                 查看SEEKFREE_IIC文件内的SEEKFREE_SDA宏定义
   24                                                  ------------------------------------ 
   25           ********************************************************************************************************
             -************/
   26          
   27          
   28          #include "SEEKFREE_IIC.h"
*** ERROR C318 IN LINE 32 OF ..\..\Libraries\seekfree_peripheral\SEEKFREE_IIC.h: can't open file 'common.h'
*** ERROR C25 IN LINE 47 OF ..\..\Libraries\seekfree_peripheral\SEEKFREE_IIC.h: syntax error near 'ack_main'
*** ERROR C25 IN LINE 48 OF ..\..\Libraries\seekfree_peripheral\SEEKFREE_IIC.h: syntax error near 'c'
*** ERROR C25 IN LINE 49 OF ..\..\Libraries\seekfree_peripheral\SEEKFREE_IIC.h: syntax error near 'ack'
*** ERROR C42 IN LINE 49 OF ..\..\Libraries\seekfree_peripheral\SEEKFREE_IIC.h: 'read_ch': not in formal parameter list
*** ERROR C25 IN LINE 50 OF ..\..\Libraries\seekfree_peripheral\SEEKFREE_IIC.h: syntax error near 'dev_add'
*** ERROR C42 IN LINE 50 OF ..\..\Libraries\seekfree_peripheral\SEEKFREE_IIC.h: 'simiic_write_reg': not in formal parame
             -ter list
*** WARNING C34 IN LINE 51 OF ..\..\Libraries\seekfree_peripheral\SEEKFREE_IIC.h: 'uint8': missing declaration specifier
             -s
*** ERROR C42 IN LINE 51 OF ..\..\Libraries\seekfree_peripheral\SEEKFREE_IIC.h: 'uint8': not in formal parameter list
*** ERROR C25 IN LINE 51 OF ..\..\Libraries\seekfree_peripheral\SEEKFREE_IIC.h: syntax error near 'simiic_read_reg'
*** ERROR C25 IN LINE 51 OF ..\..\Libraries\seekfree_peripheral\SEEKFREE_IIC.h: syntax error near 'dev_add'
*** ERROR C42 IN LINE 51 OF ..\..\Libraries\seekfree_peripheral\SEEKFREE_IIC.h: 'simiic_read_reg': not in formal paramet
             -er list
*** ERROR C25 IN LINE 52 OF ..\..\Libraries\seekfree_peripheral\SEEKFREE_IIC.h: syntax error near 'dev_add'
*** ERROR C42 IN LINE 52 OF ..\..\Libraries\seekfree_peripheral\SEEKFREE_IIC.h: 'simiic_read_regs': not in formal parame
             -ter list
*** ERROR C42 IN LINE 53 OF ..\..\Libraries\seekfree_peripheral\SEEKFREE_IIC.h: 'simiic_init': not in formal parameter l
             -ist
   29          #include "SEEKFREE_MPU6050.h"
*** ERROR C318 IN LINE 32 OF ..\..\Libraries\seekfree_peripheral\SEEKFREE_MPU6050.h: can't open file 'common.h'
*** ERROR C29 IN LINE 60 OF ..\..\Libraries\seekfree_peripheral\SEEKFREE_MPU6050.h: formal/parameter has illegal storage
             - class
*** ERROR C33 IN LINE 60 OF ..\..\Libraries\seekfree_peripheral\SEEKFREE_MPU6050.h: 'int16': invalid storage class
*** ERROR C25 IN LINE 60 OF ..\..\Libraries\seekfree_peripheral\SEEKFREE_MPU6050.h: syntax error near 'mpu_gyro_x'
*** ERROR C33 IN LINE 60 OF ..\..\Libraries\seekfree_peripheral\SEEKFREE_MPU6050.h: 'mpu_gyro_x': invalid storage class
*** ERROR C33 IN LINE 60 OF ..\..\Libraries\seekfree_peripheral\SEEKFREE_MPU6050.h: 'mpu_gyro_y': invalid storage class
C251 COMPILER V5.60.0,  SEEKFREE_MPU6050                                                   15/11/23  21:36:21  PAGE 2   

*** ERROR C33 IN LINE 60 OF ..\..\Libraries\seekfree_peripheral\SEEKFREE_MPU6050.h: 'mpu_gyro_z': invalid storage class
*** ERROR C29 IN LINE 61 OF ..\..\Libraries\seekfree_peripheral\SEEKFREE_MPU6050.h: formal/parameter has illegal storage
             - class
*** ERROR C33 IN LINE 61 OF ..\..\Libraries\seekfree_peripheral\SEEKFREE_MPU6050.h: 'int16': invalid storage class
*** ERROR C25 IN LINE 61 OF ..\..\Libraries\seekfree_peripheral\SEEKFREE_MPU6050.h: syntax error near 'mpu_acc_x'
*** ERROR C33 IN LINE 61 OF ..\..\Libraries\seekfree_peripheral\SEEKFREE_MPU6050.h: 'mpu_acc_x': invalid storage class
*** ERROR C33 IN LINE 61 OF ..\..\Libraries\seekfree_peripheral\SEEKFREE_MPU6050.h: 'mpu_acc_y': invalid storage class
*** ERROR C33 IN LINE 61 OF ..\..\Libraries\seekfree_peripheral\SEEKFREE_MPU6050.h: 'mpu_acc_z': invalid storage class
*** ERROR C42 IN LINE 63 OF ..\..\Libraries\seekfree_peripheral\SEEKFREE_MPU6050.h: 'mpu6050_init': not in formal parame
             -ter list
*** ERROR C42 IN LINE 64 OF ..\..\Libraries\seekfree_peripheral\SEEKFREE_MPU6050.h: 'mpu6050_get_accdata': not in formal
             - parameter list
*** ERROR C42 IN LINE 65 OF ..\..\Libraries\seekfree_peripheral\SEEKFREE_MPU6050.h: 'mpu6050_get_gyro': not in formal pa
             -rameter list
   30          #include "zf_delay.h"
*** ERROR C318 IN LINE 30 OF ..\..\Libraries\seekfree_peripheral\SEEKFREE_MPU6050.c: can't open file 'zf_delay.h'
   31          
   32          
   33          int16 mpu_gyro_x,mpu_gyro_y,mpu_gyro_z;
*** WARNING C34 IN LINE 33 OF ..\..\Libraries\seekfree_peripheral\SEEKFREE_MPU6050.c: 'int16': missing declaration speci
             -fiers
*** ERROR C42 IN LINE 33 OF ..\..\Libraries\seekfree_peripheral\SEEKFREE_MPU6050.c: 'int16': not in formal parameter lis
             -t
*** ERROR C25 IN LINE 33 OF ..\..\Libraries\seekfree_peripheral\SEEKFREE_MPU6050.c: syntax error near 'mpu_gyro_x'
*** WARNING C34 IN LINE 33 OF ..\..\Libraries\seekfree_peripheral\SEEKFREE_MPU6050.c: 'mpu_gyro_x': missing declaration 
             -specifiers
*** ERROR C42 IN LINE 33 OF ..\..\Libraries\seekfree_peripheral\SEEKFREE_MPU6050.c: 'mpu_gyro_x': not in formal paramete
             -r list
*** WARNING C34 IN LINE 33 OF ..\..\Libraries\seekfree_peripheral\SEEKFREE_MPU6050.c: 'mpu_gyro_y': missing declaration 
             -specifiers
*** ERROR C42 IN LINE 33 OF ..\..\Libraries\seekfree_peripheral\SEEKFREE_MPU6050.c: 'mpu_gyro_y': not in formal paramete
             -r list
*** WARNING C34 IN LINE 33 OF ..\..\Libraries\seekfree_peripheral\SEEKFREE_MPU6050.c: 'mpu_gyro_z': missing declaration 
             -specifiers
*** ERROR C42 IN LINE 33 OF ..\..\Libraries\seekfree_peripheral\SEEKFREE_MPU6050.c: 'mpu_gyro_z': not in formal paramete
             -r list
   34          int16 mpu_acc_x,mpu_acc_y,mpu_acc_z;
*** WARNING C34 IN LINE 34 OF ..\..\Libraries\seekfree_peripheral\SEEKFREE_MPU6050.c: 'int16': missing declaration speci
             -fiers
*** ERROR C42 IN LINE 34 OF ..\..\Libraries\seekfree_peripheral\SEEKFREE_MPU6050.c: 'int16': not in formal parameter lis
             -t
*** ERROR C25 IN LINE 34 OF ..\..\Libraries\seekfree_peripheral\SEEKFREE_MPU6050.c: syntax error near 'mpu_acc_x'
*** ERROR C7 IN LINE 34 OF ..\..\Libraries\seekfree_peripheral\SEEKFREE_MPU6050.c: compilation aborted

C251 COMPILATION COMPLETE.  6 WARNING(S),  39 ERROR(S)
