C251 COMPILER V5.60.0,  SEEKFREE_IPS114_SPI                                                15/11/23  21:36:21  PAGE 1   


C251 COMPILER V5.60.0, COMPILATION OF MODULE SEEKFREE_IPS114_SPI
OBJECT MODULE PLACED IN .\SEEKFREE_IPS114_SPI.obj
COMPILER INVOKED BY: D:\keil5\keil5_MDK\keil5_MDK_32\C251\BIN\C251.EXE ..\..\Libraries\seekfree_peripheral\SEEKFREE_IPS1
                    -14_SPI.c INTR2 DEBUG PRINT(.\SEEKFREE_IPS114_SPI.lst) OBJECT(.\SEEKFREE_IPS114_SPI.obj) 

stmt  level    source

    1          /********************************************************************************************************
             -*************
    2           * COPYRIGHT NOTICE
    3           * Copyright (c) 2018,逐飞科技
    4           * All rights reserved.
    5           * 技术讨论QQ群：一群：179029047(已满)  二群：244861897(已满)  三群：824575535
    6           *
    7           * 以下所有内容版权均属逐飞科技所有，未经允许不得用于商业用途，
    8           * 欢迎各位使用并传播本程序，修改内容时必须保留逐飞科技的版权声明。
    9           *
   10           * @file                main
   11           * @company                     成都逐飞科技有限公司
   12           * @author              逐飞科技(QQ3184284598)
   13           * @version             查看doc内version文件 版本说明
   14           * @Software            MDK FOR C251 V5.60
   15           * @Target core         STC32G12K128
   16           * @Taobao              https://seekfree.taobao.com/
   17           * @date                2019-11-15
   18           * @note                
   19                                                  接线定义：
   20                                                  ------------------------------------ 
   21                                                  1.14寸IPS模块管脚       单片机管脚
   22                                                  SCL                     查看SEEKFREE_IPS114_SPI.h文件内的IPS114_SCL             宏定义     硬件SPI引脚不可随意切换
   23                                                  SDA                     查看SEEKFREE_IPS114_SPI.h文件内的IPS114_SDA             宏定义     硬件SPI引脚不可随意切换
   24                                                  RES                     查看SEEKFREE_IPS114_SPI.h文件内的IPS114_REST_PIN宏定义    
   25                                                  DC                      查看SEEKFREE_IPS114_SPI.h文件内的IPS114_DC_PIN  宏定义  
   26                                                  CS                      查看SEEKFREE_IPS114_SPI.h文件内的IPS114_CS              宏定义     硬件SPI引脚不可随意切换
   27                                                  BL                                      查看SEEKFREE_IPS114_SPI.h文件内的IPS114_BL_PIN  宏定义
   28                                                  
   29                                                  电源引脚
   30                                                  VCC 3.3V电源
   31                                                  GND 电源地
   32                                                  最大分辨率135*240
   33                                                  ------------------------------------ 
   34           ********************************************************************************************************
             -************/
   35           
   36          
   37          
   38          
   39          #include "SEEKFREE_IPS114_SPI.h"
*** ERROR C318 IN LINE 41 OF ..\..\Libraries\seekfree_peripheral\SEEKFREE_IPS114_SPI.h: can't open file 'common.h'
*** ERROR C318 IN LINE 42 OF ..\..\Libraries\seekfree_peripheral\SEEKFREE_IPS114_SPI.h: can't open file 'board.h'
*** ERROR C25 IN LINE 132 OF ..\..\Libraries\seekfree_peripheral\SEEKFREE_IPS114_SPI.h: syntax error near 'color'
*** ERROR C25 IN LINE 133 OF ..\..\Libraries\seekfree_peripheral\SEEKFREE_IPS114_SPI.h: syntax error near 'x'
*** ERROR C25 IN LINE 134 OF ..\..\Libraries\seekfree_peripheral\SEEKFREE_IPS114_SPI.h: syntax error near 'x'
*** ERROR C25 IN LINE 135 OF ..\..\Libraries\seekfree_peripheral\SEEKFREE_IPS114_SPI.h: syntax error near 'x'
*** ERROR C25 IN LINE 136 OF ..\..\Libraries\seekfree_peripheral\SEEKFREE_IPS114_SPI.h: syntax error near 'x'
*** ERROR C25 IN LINE 137 OF ..\..\Libraries\seekfree_peripheral\SEEKFREE_IPS114_SPI.h: syntax error near 'x'
*** ERROR C25 IN LINE 138 OF ..\..\Libraries\seekfree_peripheral\SEEKFREE_IPS114_SPI.h: syntax error near 'x'
*** ERROR C25 IN LINE 139 OF ..\..\Libraries\seekfree_peripheral\SEEKFREE_IPS114_SPI.h: syntax error near 'x'
*** ERROR C25 IN LINE 140 OF ..\..\Libraries\seekfree_peripheral\SEEKFREE_IPS114_SPI.h: syntax error near 'x'
*** ERROR C25 IN LINE 141 OF ..\..\Libraries\seekfree_peripheral\SEEKFREE_IPS114_SPI.h: syntax error near 'x'
*** ERROR C25 IN LINE 146 OF ..\..\Libraries\seekfree_peripheral\SEEKFREE_IPS114_SPI.h: syntax error near 'color'
*** ERROR C7 IN LINE 146 OF ..\..\Libraries\seekfree_peripheral\SEEKFREE_IPS114_SPI.h: compilation aborted

C251 COMPILATION COMPLETE.  0 WARNING(S),  14 ERROR(S)
