C251 COMPILER V5.60.0,  SEEKFREE_ABSOLUTE_ENCODER                                          15/11/23  21:36:20  PAGE 1   


C251 COMPILER V5.60.0, COMPILATION OF MODULE SEEKFREE_ABSOLUTE_ENCODER
OBJECT MODULE PLACED IN .\SEEKFREE_ABSOLUTE_ENCODER.obj
COMPILER INVOKED BY: D:\keil5\keil5_MDK\keil5_MDK_32\C251\BIN\C251.EXE ..\..\Libraries\seekfree_peripheral\SEEKFREE_ABSO
                    -LUTE_ENCODER.c INTR2 DEBUG PRINT(.\SEEKFREE_ABSOLUTE_ENCODER.lst) OBJECT(.\SEEKFREE_ABSOLUTE_ENCODER.obj) 

stmt  level    source

    1          /********************************************************************************************************
             -*************
    2           * COPYRIGHT NOTICE
    3           * Copyright (c) 2018,逐飞科技
    4           * All rights reserved.
    5           * 技术讨论QQ群：179029047
    6           *
    7           * 以下所有内容版权均属逐飞科技所有，未经允许不得用于商业用途，
    8           * 欢迎各位使用并传播本程序，修改内容时必须保留逐飞科技的版权声明。
    9           *
   10           * @file                绝对式编码器
   11           * @company                     成都逐飞科技有限公司
   12           * @author              逐飞科技(QQ3184284598)
   13           * @Software            MDK FOR C251 V5.60
   14           * @Target core         STC32G12K128
   15           * @Taobao              https://seekfree.taobao.com/
   16           * @date                2020-01-13
   17           * @note                
   18                                                  接线定义：
   19                                                  ------------------------------------ 
   20                                                  模块管脚            单片机管脚
   21                                                  SCK                         查看SEEKFREE_ABSOLUTE_ENCODER.H文件ABS_ENCODER_SPI_SCK_PIN 宏定义
   22                                                  MISO                查看SEEKFREE_ABSOLUTE_ENCODER.H文件ABS_ENCODER_SPI_MISO_PIN宏定义
   23                                                  MOSI                查看SEEKFREE_ABSOLUTE_ENCODER.H文件ABS_ENCODER_SPI_MOSI_PIN宏定义
   24                                                  CS                  查看SEEKFREE_ABSOLUTE_ENCODER.H文件ABS_ENCODER_SPI_PCS_PIN  宏定义
   25                                                  ------------------------------------  
   26           ********************************************************************************************************
             -************/
   27          
   28          #include "SEEKFREE_ABSOLUTE_ENCODER.h"
*** ERROR C318 IN LINE 32 OF ..\..\Libraries\seekfree_peripheral\SEEKFREE_ABSOLUTE_ENCODER.h: can't open file 'common.h'
*** ERROR C42 IN LINE 69 OF ..\..\Libraries\seekfree_peripheral\SEEKFREE_ABSOLUTE_ENCODER.h: 'encoder_angle_simspi': not
             - in formal parameter list
*** ERROR C42 IN LINE 71 OF ..\..\Libraries\seekfree_peripheral\SEEKFREE_ABSOLUTE_ENCODER.h: 'encoder_init_spi': not in 
             -formal parameter list
*** WARNING C34 IN LINE 72 OF ..\..\Libraries\seekfree_peripheral\SEEKFREE_ABSOLUTE_ENCODER.h: 'uint16': missing declara
             -tion specifiers
*** ERROR C42 IN LINE 72 OF ..\..\Libraries\seekfree_peripheral\SEEKFREE_ABSOLUTE_ENCODER.h: 'uint16': not in formal par
             -ameter list
*** ERROR C25 IN LINE 72 OF ..\..\Libraries\seekfree_peripheral\SEEKFREE_ABSOLUTE_ENCODER.h: syntax error near 'encoder_
             -angle_spi'
*** ERROR C42 IN LINE 72 OF ..\..\Libraries\seekfree_peripheral\SEEKFREE_ABSOLUTE_ENCODER.h: 'encoder_angle_spi': not in
             - formal parameter list
   29          #include "zf_spi.h"
*** ERROR C318 IN LINE 29 OF ..\..\Libraries\seekfree_peripheral\SEEKFREE_ABSOLUTE_ENCODER.c: can't open file 'zf_spi.h'
   30          #include "zf_delay.h"
*** ERROR C318 IN LINE 30 OF ..\..\Libraries\seekfree_peripheral\SEEKFREE_ABSOLUTE_ENCODER.c: can't open file 'zf_delay.
             -h'
   31          
   32          
   33          //-------------------------以下为软件SPI--------------------------//
   34          //-------------------------以下为软件SPI--------------------------//
   35          //-------------------------以下为软件SPI--------------------------//
   36          
   37          //-------------------------------------------------------------------------------------------------------
             -------------
   38          //  @brief      内部使用用户无需关心
   39          //  @param      NULL                    
C251 COMPILER V5.60.0,  SEEKFREE_ABSOLUTE_ENCODER                                          15/11/23  21:36:20  PAGE 2   

   40          //  @return     void
   41          //  Sample usage:               无需用户调用，用户请使用h文件中的宏定义
   42          //-------------------------------------------------------------------------------------------------------
             -------------
   43          void encoder_delay_us(uint16 x)
*** ERROR C25 IN LINE 43 OF ..\..\Libraries\seekfree_peripheral\SEEKFREE_ABSOLUTE_ENCODER.c: syntax error near 'x'
   44          {
*** ERROR C42 IN LINE 44 OF ..\..\Libraries\seekfree_peripheral\SEEKFREE_ABSOLUTE_ENCODER.c: 'encoder_delay_us': not in 
             -formal parameter list
   45                  delay_us(x);
   46          }
   47          
   48          
   49          //-------------------------------------------------------------------------------------------------------
             -------------
   50          //  @brief      通过SPI写一个byte,同时读取一个byte
   51          //  @param      byte        发送的数据    
   52          //  @return     uint8       return 返回status状态
   53          //  @since      v1.0
   54          //  Sample usage:
   55          //-------------------------------------------------------------------------------------------------------
             -------------
   56          uint8 simspi_wr_byte(uint8 byte)
   57          {
   58              uint8 i;
   59              for(i=0; i<8; i++)
   60              {
   61                  ABS_ENCODER_MOSI(byte & 0x80);
   62                  byte <<= 1;
   63                  ABS_ENCODER_SCK (0);    
   64                
   65                  ABS_ENCODER_SCK (1);
   66                          byte |= ABS_ENCODER_MISO;  
   67              }   
   68              return(byte);                                               
   69          }
   70          
   71          //-------------------------------------------------------------------------------------------------------
             -------------
   72          //  @brief      将val写入cmd对应的寄存器地址,同时返回status字节
   73          //  @param      cmd         命令字
   74          //  @param      val         待写入寄存器的数值
   75          //  @since      v1.0
   76          //  Sample usage:
   77          //-------------------------------------------------------------------------------------------------------
             -------------
   78          void simspi_w_reg_byte(uint8 cmd, uint8 val)
   79          {
   80              ABS_ENCODER_CSN (0);
   81              cmd |= ABS_ENCODER_SPI_W;
   82              simspi_wr_byte(cmd);                        
   83              simspi_wr_byte(val);                                
   84              ABS_ENCODER_CSN (1);                                        
   85          }
   86          
   87          //-------------------------------------------------------------------------------------------------------
             -------------
   88          //  @brief      读取cmd所对应的寄存器地址
   89          //  @param      cmd         命令字
   90          //  @param      *val        存储读取的数据地址
   91          //  @since      v1.0
   92          //  Sample usage:
   93          //-------------------------------------------------------------------------------------------------------
             -------------
   94          void simspi_r_reg_byte(uint8 cmd, uint8 *val)
*** ERROR C42 IN LINE 94 OF ..\..\Libraries\seekfree_peripheral\SEEKFREE_ABSOLUTE_ENCODER.c: 'val': not in formal parame
C251 COMPILER V5.60.0,  SEEKFREE_ABSOLUTE_ENCODER                                          15/11/23  21:36:20  PAGE 3   

             -ter list
   95          {
   96              ABS_ENCODER_CSN (0);
   97              cmd |= ABS_ENCODER_SPI_R;
   98              simspi_wr_byte(cmd);                                
   99              *val = simspi_wr_byte(0);                                   
*** ERROR C142 IN LINE 99 OF ..\..\Libraries\seekfree_peripheral\SEEKFREE_ABSOLUTE_ENCODER.c: illegal initialization
*** WARNING C140 IN LINE 99 OF ..\..\Libraries\seekfree_peripheral\SEEKFREE_ABSOLUTE_ENCODER.c: 'simspi_wr_byte' undefin
             -ed; assuming 'extern int simspi_wr_byte()'
  100              ABS_ENCODER_CSN (1);                                        
*** ERROR C142 IN LINE 100 OF ..\..\Libraries\seekfree_peripheral\SEEKFREE_ABSOLUTE_ENCODER.c: illegal initialization
  101          }
*** ERROR C25 IN LINE 101 OF ..\..\Libraries\seekfree_peripheral\SEEKFREE_ABSOLUTE_ENCODER.c: syntax error near '}'
  102          
  103          
  104          //-------------------------------------------------------------------------------------------------------
             -------------
  105          //  @brief      写入一个数据到编码器的寄存器
  106          //  @param      cmd         寄存器地址
  107          //  @param      *val        写入数据的地址
  108          //  @return     uint8       0：程序  1：失败
  109          //  @since      v1.0
  110          //  Sample usage:
  111          //-------------------------------------------------------------------------------------------------------
             -------------
  112          uint8 encoder_simspi_w_reg_byte(uint8 cmd, uint8 val)
*** ERROR C25 IN LINE 112 OF ..\..\Libraries\seekfree_peripheral\SEEKFREE_ABSOLUTE_ENCODER.c: syntax error near 'cmd'
  113          {
*** ERROR C42 IN LINE 113 OF ..\..\Libraries\seekfree_peripheral\SEEKFREE_ABSOLUTE_ENCODER.c: 'encoder_simspi_w_reg_byte
             -': not in formal parameter list
  114                  
  115              uint8 dat;
  116              ABS_ENCODER_CSN (0);
  117              cmd |= ABS_ENCODER_SPI_W;
  118              simspi_wr_byte(cmd);                        
  119              simspi_wr_byte(val);                                
  120              ABS_ENCODER_CSN (1);   
  121              encoder_delay_us(1);
  122              ABS_ENCODER_CSN (0);
  123              dat = simspi_wr_byte(0x00);                         
  124              simspi_wr_byte(0x00);                                       
  125              ABS_ENCODER_CSN (1);  
  126              
  127              if(val != dat)  return 1;   //写入失败
  128              return 0;                   //写入成功
  129          }
  130          
  131          //-------------------------------------------------------------------------------------------------------
             -------------
  132          //  @brief      读取寄存器
  133          //  @param      cmd         寄存器地址
  134          //  @param      *val        存储读取的数据地址
  135          //  @return     void
  136          //  @since      v1.0
  137          //  Sample usage:
  138          //-------------------------------------------------------------------------------------------------------
             -------------
  139          void encoder_simspi_r_reg_byte(uint8 cmd, uint8 *val)
*** WARNING C34 IN LINE 139 OF ..\..\Libraries\seekfree_peripheral\SEEKFREE_ABSOLUTE_ENCODER.c: 'val': missing declarati
             -on specifiers
*** ERROR C42 IN LINE 139 OF ..\..\Libraries\seekfree_peripheral\SEEKFREE_ABSOLUTE_ENCODER.c: 'val': not in formal param
             -eter list
  140          {
  141              ABS_ENCODER_CSN (0);
  142              cmd |= ABS_ENCODER_SPI_R;
  143              simspi_wr_byte(cmd);                        
C251 COMPILER V5.60.0,  SEEKFREE_ABSOLUTE_ENCODER                                          15/11/23  21:36:20  PAGE 4   

  144              simspi_wr_byte(0x00);                                       
  145              ABS_ENCODER_CSN (1);   
  146                  encoder_delay_us(1);
  147              ABS_ENCODER_CSN (0);
  148              *val = simspi_wr_byte(0x00);                        
*** ERROR C142 IN LINE 148 OF ..\..\Libraries\seekfree_peripheral\SEEKFREE_ABSOLUTE_ENCODER.c: illegal initialization
  149              simspi_wr_byte(0x00);                                       
*** ERROR C25 IN LINE 149 OF ..\..\Libraries\seekfree_peripheral\SEEKFREE_ABSOLUTE_ENCODER.c: syntax error near '0x00'
*** ERROR C42 IN LINE 149 OF ..\..\Libraries\seekfree_peripheral\SEEKFREE_ABSOLUTE_ENCODER.c: 'simspi_wr_byte': not in f
             -ormal parameter list
  150              ABS_ENCODER_CSN (1);
*** ERROR C142 IN LINE 150 OF ..\..\Libraries\seekfree_peripheral\SEEKFREE_ABSOLUTE_ENCODER.c: illegal initialization
  151          }
*** ERROR C25 IN LINE 151 OF ..\..\Libraries\seekfree_peripheral\SEEKFREE_ABSOLUTE_ENCODER.c: syntax error near '}'
  152          
  153          //-------------------------------------------------------------------------------------------------------
             -------------
  154          //  @brief      设置零偏
  155          //  @param      zero_position  需要设置的零偏
  156          //  @return     void
  157          //  @since      v1.0
  158          //  Sample usage:
  159          //-------------------------------------------------------------------------------------------------------
             -------------
  160          void set_zero_position_simspi(uint16 zero_position)
*** ERROR C25 IN LINE 160 OF ..\..\Libraries\seekfree_peripheral\SEEKFREE_ABSOLUTE_ENCODER.c: syntax error near 'zero_po
             -sition'
  161          {    
*** WARNING C35 IN LINE 161 OF ..\..\Libraries\seekfree_peripheral\SEEKFREE_ABSOLUTE_ENCODER.c: 'set_zero_position_simsp
             -i': uses old-style declarator
  162   1          zero_position = (uint16)(4096 - zero_position);
*** ERROR C67 IN LINE 162 OF ..\..\Libraries\seekfree_peripheral\SEEKFREE_ABSOLUTE_ENCODER.c: 'zero_position': undefined
             - identifier
*** ERROR C67 IN LINE 162 OF ..\..\Libraries\seekfree_peripheral\SEEKFREE_ABSOLUTE_ENCODER.c: 'zero_position': undefined
             - identifier
  163   1          zero_position = zero_position << 4;
*** ERROR C67 IN LINE 163 OF ..\..\Libraries\seekfree_peripheral\SEEKFREE_ABSOLUTE_ENCODER.c: 'zero_position': undefined
             - identifier
*** ERROR C67 IN LINE 163 OF ..\..\Libraries\seekfree_peripheral\SEEKFREE_ABSOLUTE_ENCODER.c: 'zero_position': undefined
             - identifier
  164   1          encoder_simspi_w_reg_byte(ZERO_L_REG,(uint8)zero_position);//设置零位
*** ERROR C67 IN LINE 164 OF ..\..\Libraries\seekfree_peripheral\SEEKFREE_ABSOLUTE_ENCODER.c: 'uint8': undefined identif
             -ier
*** ERROR C25 IN LINE 164 OF ..\..\Libraries\seekfree_peripheral\SEEKFREE_ABSOLUTE_ENCODER.c: syntax error near 'zero_po
             -sition'
*** ERROR C25 IN LINE 164 OF ..\..\Libraries\seekfree_peripheral\SEEKFREE_ABSOLUTE_ENCODER.c: syntax error near ')'
  165   1          encoder_simspi_w_reg_byte(ZERO_H_REG,(uint8)(zero_position>>8));
*** ERROR C25 IN LINE 165 OF ..\..\Libraries\seekfree_peripheral\SEEKFREE_ABSOLUTE_ENCODER.c: syntax error near '0x01'
*** ERROR C76 IN LINE 165 OF ..\..\Libraries\seekfree_peripheral\SEEKFREE_ABSOLUTE_ENCODER.c: formal parameter ignored
*** ERROR C25 IN LINE 165 OF ..\..\Libraries\seekfree_peripheral\SEEKFREE_ABSOLUTE_ENCODER.c: syntax error near '>>'
*** ERROR C7 IN LINE 165 OF ..\..\Libraries\seekfree_peripheral\SEEKFREE_ABSOLUTE_ENCODER.c: compilation aborted

C251 COMPILATION COMPLETE.  4 WARNING(S),  34 ERROR(S)
