C251 COMPILER V5.60.0,  SEEKFREE_18TFT                                                     15/11/23  21:36:20  PAGE 1   


C251 COMPILER V5.60.0, COMPILATION OF MODULE SEEKFREE_18TFT
OBJECT MODULE PLACED IN .\SEEKFREE_18TFT.obj
COMPILER INVOKED BY: D:\keil5\keil5_MDK\keil5_MDK_32\C251\BIN\C251.EXE ..\..\Libraries\seekfree_peripheral\SEEKFREE_18TF
                    -T.c INTR2 DEBUG PRINT(.\SEEKFREE_18TFT.lst) OBJECT(.\SEEKFREE_18TFT.obj) 

stmt  level    source

    1          /********************************************************************************************************
             -*************
    2           * COPYRIGHT NOTICE
    3           * Copyright (c) 2018,逐飞科技
    4           * All rights reserved.
    5           * 技术讨论QQ群：一群：179029047(已满)  二群：244861897
    6           *
    7           * 以下所有内容版权均属逐飞科技所有，未经允许不得用于商业用途，
    8           * 欢迎各位使用并传播本程序，修改内容时必须保留逐飞科技的版权声明。
    9           *
   10           * @file                TFT
   11           * @company                     成都逐飞科技有限公司
   12           * @author              逐飞科技(QQ3184284598)
   13           * @version             查看doc内version文件 版本说明
   14           * @Software            MDK FOR C251 V5.60
   15           * @Target core         STC32G12K128
   16           * @Taobao              https://seekfree.taobao.com/
   17           * @date                2018-05-24
   18           * @note                
   19                                                  接线定义：
   20                                                  ------------------------------------ 
   21                                                  模块管脚            单片机管脚
   22                                                  SCL                 查看TFT_SCL宏定义的引脚     硬件SPI引脚不可随意切换
   23                                                  SDA                 查看TFT_SDA宏定义的引脚     硬件SPI引脚不可随意切换
   24                                                  RES                 查看REST_PIN宏定义的引脚    
   25                                                  DC                  查看DC_PIN宏定义的引脚  
   26                                                  CS                  查看TFT_CS宏定义的引脚      硬件SPI引脚不可随意切换
   27                                                  
   28                                                  电源引脚
   29                                                  BL  3.3V电源（背光控制引脚，也可以接PWM来控制亮度）
   30                                                  VCC 3.3V电源
   31                                                  GND 电源地
   32                                                  最大分辨率128*160
   33                                                  ------------------------------------ 
   34          
   35           ********************************************************************************************************
             -************/
   36          
   37          
   38          
   39          
   40          
   41          #include "SEEKFREE_18TFT.h"
*** ERROR C318 IN LINE 41 OF ..\..\Libraries\seekfree_peripheral\SEEKFREE_18TFT.h: can't open file 'common.h'
*** ERROR C318 IN LINE 42 OF ..\..\Libraries\seekfree_peripheral\SEEKFREE_18TFT.h: can't open file 'board.h'
*** ERROR C25 IN LINE 128 OF ..\..\Libraries\seekfree_peripheral\SEEKFREE_18TFT.h: syntax error near 'x'
*** ERROR C25 IN LINE 129 OF ..\..\Libraries\seekfree_peripheral\SEEKFREE_18TFT.h: syntax error near 'x'
*** ERROR C25 IN LINE 130 OF ..\..\Libraries\seekfree_peripheral\SEEKFREE_18TFT.h: syntax error near 'x'
*** ERROR C25 IN LINE 131 OF ..\..\Libraries\seekfree_peripheral\SEEKFREE_18TFT.h: syntax error near 'x'
*** ERROR C25 IN LINE 132 OF ..\..\Libraries\seekfree_peripheral\SEEKFREE_18TFT.h: syntax error near 'x'
*** ERROR C25 IN LINE 133 OF ..\..\Libraries\seekfree_peripheral\SEEKFREE_18TFT.h: syntax error near 'x'
*** ERROR C25 IN LINE 134 OF ..\..\Libraries\seekfree_peripheral\SEEKFREE_18TFT.h: syntax error near 'x'
*** ERROR C25 IN LINE 135 OF ..\..\Libraries\seekfree_peripheral\SEEKFREE_18TFT.h: syntax error near 'x'
*** ERROR C25 IN LINE 136 OF ..\..\Libraries\seekfree_peripheral\SEEKFREE_18TFT.h: syntax error near 'x'
*** ERROR C25 IN LINE 142 OF ..\..\Libraries\seekfree_peripheral\SEEKFREE_18TFT.h: syntax error near 'x'
*** ERROR C25 IN LINE 143 OF ..\..\Libraries\seekfree_peripheral\SEEKFREE_18TFT.h: syntax error near 'x'
*** ERROR C7 IN LINE 143 OF ..\..\Libraries\seekfree_peripheral\SEEKFREE_18TFT.h: compilation aborted

C251 COMPILATION COMPLETE.  0 WARNING(S),  14 ERROR(S)
