C251 COMPILER V5.60.0,  SEEKFREE_ICM20602                                                  15/11/23  21:36:21  PAGE 1   


C251 COMPILER V5.60.0, COMPILATION OF MODULE SEEKFREE_ICM20602
OBJECT MODULE PLACED IN .\SEEKFREE_ICM20602.obj
COMPILER INVOKED BY: D:\keil5\keil5_MDK\keil5_MDK_32\C251\BIN\C251.EXE ..\..\Libraries\seekfree_peripheral\SEEKFREE_ICM2
                    -0602.c INTR2 DEBUG PRINT(.\SEEKFREE_ICM20602.lst) OBJECT(.\SEEKFREE_ICM20602.obj) 

stmt  level    source

    1          /********************************************************************************************************
             -*************
    2           * COPYRIGHT NOTICE
    3           * Copyright (c) 2018,逐飞科技
    4           * All rights reserved.
    5           * 技术讨论QQ群：一群：179029047(已满)  二群：244861897
    6           *
    7           * 以下所有内容版权均属逐飞科技所有，未经允许不得用于商业用途，
    8           * 欢迎各位使用并传播本程序，修改内容时必须保留逐飞科技的版权声明。
    9           *
   10           * @file                ICM20602
   11           * @company                     成都逐飞科技有限公司
   12           * @author              逐飞科技(QQ3184284598)
   13           * @version             查看doc内version文件 版本说明
   14           * @Software            MDK FOR C251 V5.60
   15           * @Target core         STC32G12K128
   16           * @Taobao              https://seekfree.taobao.com/
   17           * @date                2019-04-30
   18           * @note                
   19                                                  接线定义：
   20                                                  ------------------------------------ 
   21          
   22                                                  ------------------------------------ 
   23           ********************************************************************************************************
             -************/
   24          
   25          
   26          #include "SEEKFREE_ICM20602.h"
*** ERROR C318 IN LINE 26 OF ..\..\Libraries\seekfree_peripheral\SEEKFREE_ICM20602.h: can't open file 'common.h'
*** ERROR C318 IN LINE 27 OF ..\..\Libraries\seekfree_peripheral\SEEKFREE_ICM20602.h: can't open file 'board.h'
*** WARNING C34 IN LINE 113 OF ..\..\Libraries\seekfree_peripheral\SEEKFREE_ICM20602.h: 'icm_gyro_x': missing declaratio
             -n specifiers
*** ERROR C42 IN LINE 113 OF ..\..\Libraries\seekfree_peripheral\SEEKFREE_ICM20602.h: 'icm_gyro_x': not in formal parame
             -ter list
*** WARNING C34 IN LINE 113 OF ..\..\Libraries\seekfree_peripheral\SEEKFREE_ICM20602.h: 'icm_gyro_y': missing declaratio
             -n specifiers
*** ERROR C42 IN LINE 113 OF ..\..\Libraries\seekfree_peripheral\SEEKFREE_ICM20602.h: 'icm_gyro_y': not in formal parame
             -ter list
*** WARNING C34 IN LINE 113 OF ..\..\Libraries\seekfree_peripheral\SEEKFREE_ICM20602.h: 'icm_gyro_z': missing declaratio
             -n specifiers
*** ERROR C42 IN LINE 113 OF ..\..\Libraries\seekfree_peripheral\SEEKFREE_ICM20602.h: 'icm_gyro_z': not in formal parame
             -ter list
*** ERROR C29 IN LINE 114 OF ..\..\Libraries\seekfree_peripheral\SEEKFREE_ICM20602.h: formal/parameter has illegal stora
             -ge class
*** ERROR C33 IN LINE 114 OF ..\..\Libraries\seekfree_peripheral\SEEKFREE_ICM20602.h: 'int16': invalid storage class
*** ERROR C25 IN LINE 114 OF ..\..\Libraries\seekfree_peripheral\SEEKFREE_ICM20602.h: syntax error near 'icm_acc_x'
*** ERROR C33 IN LINE 114 OF ..\..\Libraries\seekfree_peripheral\SEEKFREE_ICM20602.h: 'icm_acc_x': invalid storage class
*** ERROR C33 IN LINE 114 OF ..\..\Libraries\seekfree_peripheral\SEEKFREE_ICM20602.h: 'icm_acc_y': invalid storage class
*** ERROR C33 IN LINE 114 OF ..\..\Libraries\seekfree_peripheral\SEEKFREE_ICM20602.h: 'icm_acc_z': invalid storage class
*** ERROR C42 IN LINE 118 OF ..\..\Libraries\seekfree_peripheral\SEEKFREE_ICM20602.h: 'icm20602_init_simspi': not in for
             -mal parameter list
*** ERROR C42 IN LINE 119 OF ..\..\Libraries\seekfree_peripheral\SEEKFREE_ICM20602.h: 'get_icm20602_gyro_simspi': not in
             - formal parameter list
*** ERROR C42 IN LINE 120 OF ..\..\Libraries\seekfree_peripheral\SEEKFREE_ICM20602.h: 'get_icm20602_accdata_simspi': not
             - in formal parameter list
*** ERROR C42 IN LINE 123 OF ..\..\Libraries\seekfree_peripheral\SEEKFREE_ICM20602.h: 'icm20602_init_simiic': not in for
             -mal parameter list
*** ERROR C42 IN LINE 124 OF ..\..\Libraries\seekfree_peripheral\SEEKFREE_ICM20602.h: 'get_icm20602_accdata_simiic': not
C251 COMPILER V5.60.0,  SEEKFREE_ICM20602                                                  15/11/23  21:36:21  PAGE 2   

             - in formal parameter list
*** ERROR C42 IN LINE 125 OF ..\..\Libraries\seekfree_peripheral\SEEKFREE_ICM20602.h: 'get_icm20602_gyro_simiic': not in
             - formal parameter list
   27          #include "SEEKFREE_IIC.h"
*** ERROR C318 IN LINE 32 OF ..\..\Libraries\seekfree_peripheral\SEEKFREE_IIC.h: can't open file 'common.h'
*** ERROR C29 IN LINE 37 OF ..\..\Libraries\seekfree_peripheral\SEEKFREE_IIC.h: formal/parameter has illegal storage cla
             -ss
*** ERROR C33 IN LINE 41 OF ..\..\Libraries\seekfree_peripheral\SEEKFREE_IIC.h: 'IIC_type': invalid storage class
*** ERROR C42 IN LINE 45 OF ..\..\Libraries\seekfree_peripheral\SEEKFREE_IIC.h: 'simiic_start': not in formal parameter 
             -list
*** ERROR C42 IN LINE 46 OF ..\..\Libraries\seekfree_peripheral\SEEKFREE_IIC.h: 'simiic_stop': not in formal parameter l
             -ist
*** ERROR C25 IN LINE 47 OF ..\..\Libraries\seekfree_peripheral\SEEKFREE_IIC.h: syntax error near 'ack_main'
*** ERROR C42 IN LINE 47 OF ..\..\Libraries\seekfree_peripheral\SEEKFREE_IIC.h: 'simiic_ack_main': not in formal paramet
             -er list
*** ERROR C25 IN LINE 48 OF ..\..\Libraries\seekfree_peripheral\SEEKFREE_IIC.h: syntax error near 'c'
*** ERROR C42 IN LINE 48 OF ..\..\Libraries\seekfree_peripheral\SEEKFREE_IIC.h: 'send_ch': not in formal parameter list
*** WARNING C34 IN LINE 49 OF ..\..\Libraries\seekfree_peripheral\SEEKFREE_IIC.h: 'uint8': missing declaration specifier
             -s
*** ERROR C42 IN LINE 49 OF ..\..\Libraries\seekfree_peripheral\SEEKFREE_IIC.h: 'uint8': not in formal parameter list
*** ERROR C25 IN LINE 49 OF ..\..\Libraries\seekfree_peripheral\SEEKFREE_IIC.h: syntax error near 'read_ch'
*** ERROR C25 IN LINE 49 OF ..\..\Libraries\seekfree_peripheral\SEEKFREE_IIC.h: syntax error near 'ack'
*** ERROR C42 IN LINE 49 OF ..\..\Libraries\seekfree_peripheral\SEEKFREE_IIC.h: 'read_ch': not in formal parameter list
*** ERROR C25 IN LINE 50 OF ..\..\Libraries\seekfree_peripheral\SEEKFREE_IIC.h: syntax error near 'dev_add'
*** ERROR C42 IN LINE 50 OF ..\..\Libraries\seekfree_peripheral\SEEKFREE_IIC.h: 'simiic_write_reg': not in formal parame
             -ter list
*** WARNING C34 IN LINE 51 OF ..\..\Libraries\seekfree_peripheral\SEEKFREE_IIC.h: 'uint8': missing declaration specifier
             -s
*** ERROR C42 IN LINE 51 OF ..\..\Libraries\seekfree_peripheral\SEEKFREE_IIC.h: 'uint8': not in formal parameter list
*** ERROR C25 IN LINE 51 OF ..\..\Libraries\seekfree_peripheral\SEEKFREE_IIC.h: syntax error near 'simiic_read_reg'
*** ERROR C25 IN LINE 51 OF ..\..\Libraries\seekfree_peripheral\SEEKFREE_IIC.h: syntax error near 'dev_add'
*** ERROR C42 IN LINE 51 OF ..\..\Libraries\seekfree_peripheral\SEEKFREE_IIC.h: 'simiic_read_reg': not in formal paramet
             -er list
*** ERROR C25 IN LINE 52 OF ..\..\Libraries\seekfree_peripheral\SEEKFREE_IIC.h: syntax error near 'dev_add'
*** ERROR C42 IN LINE 52 OF ..\..\Libraries\seekfree_peripheral\SEEKFREE_IIC.h: 'simiic_read_regs': not in formal parame
             -ter list
*** ERROR C42 IN LINE 53 OF ..\..\Libraries\seekfree_peripheral\SEEKFREE_IIC.h: 'simiic_init': not in formal parameter l
             -ist
   28          #include "zf_delay.h"
*** ERROR C318 IN LINE 28 OF ..\..\Libraries\seekfree_peripheral\SEEKFREE_ICM20602.c: can't open file 'zf_delay.h'
   29          #include "zf_spi.h"
*** ERROR C318 IN LINE 29 OF ..\..\Libraries\seekfree_peripheral\SEEKFREE_ICM20602.c: can't open file 'zf_spi.h'
   30          
   31          int16 icm_gyro_x,icm_gyro_y,icm_gyro_z;
*** WARNING C34 IN LINE 31 OF ..\..\Libraries\seekfree_peripheral\SEEKFREE_ICM20602.c: 'int16': missing declaration spec
             -ifiers
*** ERROR C42 IN LINE 31 OF ..\..\Libraries\seekfree_peripheral\SEEKFREE_ICM20602.c: 'int16': not in formal parameter li
             -st
*** ERROR C25 IN LINE 31 OF ..\..\Libraries\seekfree_peripheral\SEEKFREE_ICM20602.c: syntax error near 'icm_gyro_x'
*** WARNING C34 IN LINE 31 OF ..\..\Libraries\seekfree_peripheral\SEEKFREE_ICM20602.c: 'icm_gyro_x': missing declaration
             - specifiers
*** ERROR C42 IN LINE 31 OF ..\..\Libraries\seekfree_peripheral\SEEKFREE_ICM20602.c: 'icm_gyro_x': not in formal paramet
             -er list
*** WARNING C34 IN LINE 31 OF ..\..\Libraries\seekfree_peripheral\SEEKFREE_ICM20602.c: 'icm_gyro_y': missing declaration
             - specifiers
*** ERROR C42 IN LINE 31 OF ..\..\Libraries\seekfree_peripheral\SEEKFREE_ICM20602.c: 'icm_gyro_y': not in formal paramet
             -er list
*** WARNING C34 IN LINE 31 OF ..\..\Libraries\seekfree_peripheral\SEEKFREE_ICM20602.c: 'icm_gyro_z': missing declaration
             - specifiers
*** ERROR C42 IN LINE 31 OF ..\..\Libraries\seekfree_peripheral\SEEKFREE_ICM20602.c: 'icm_gyro_z': not in formal paramet
             -er list
   32          int16 icm_acc_x,icm_acc_y,icm_acc_z;
*** WARNING C34 IN LINE 32 OF ..\..\Libraries\seekfree_peripheral\SEEKFREE_ICM20602.c: 'int16': missing declaration spec
             -ifiers
*** ERROR C42 IN LINE 32 OF ..\..\Libraries\seekfree_peripheral\SEEKFREE_ICM20602.c: 'int16': not in formal parameter li
             -st
C251 COMPILER V5.60.0,  SEEKFREE_ICM20602                                                  15/11/23  21:36:21  PAGE 3   

*** ERROR C25 IN LINE 32 OF ..\..\Libraries\seekfree_peripheral\SEEKFREE_ICM20602.c: syntax error near 'icm_acc_x'
*** ERROR C7 IN LINE 32 OF ..\..\Libraries\seekfree_peripheral\SEEKFREE_ICM20602.c: compilation aborted

C251 COMPILATION COMPLETE.  10 WARNING(S),  49 ERROR(S)
