C251 COMPILER V5.60.0,  SEEKFREE_IIC                                                       15/11/23  21:36:21  PAGE 1   


C251 COMPILER V5.60.0, COMPILATION OF MODULE SEEKFREE_IIC
OBJECT MODULE PLACED IN .\SEEKFREE_IIC.obj
COMPILER INVOKED BY: D:\keil5\keil5_MDK\keil5_MDK_32\C251\BIN\C251.EXE ..\..\Libraries\seekfree_peripheral\SEEKFREE_IIC.
                    -c INTR2 DEBUG PRINT(.\SEEKFREE_IIC.lst) OBJECT(.\SEEKFREE_IIC.obj) 

stmt  level    source

    1          /********************************************************************************************************
             -*************
    2           * COPYRIGHT NOTICE
    3           * Copyright (c) 2018,逐飞科技
    4           * All rights reserved.
    5           * 技术讨论QQ群：179029047
    6           *
    7           * 以下所有内容版权均属逐飞科技所有，未经允许不得用于商业用途，
    8           * 欢迎各位使用并传播本程序，修改内容时必须保留逐飞科技的版权声明。
    9           *
   10           * @file                模拟IIC
   11           * @company                     成都逐飞科技有限公司
   12           * @author              逐飞科技(QQ3184284598)
   13           * @version             查看common.h内VERSION宏定义
   14           * @Software            MDK FOR C251 V5.60
   15           * @Target core         STC32G12K128
   16           * @Taobao              https://seekfree.taobao.com/
   17           * @date                2018-05-24
   18           * @note                
   19                                                  接线定义：
   20                                                  ------------------------------------ 
   21                                                          SCL                 查看SEEKFREE_IIC文件内的SEEKFREE_SCL宏定义
   22                                                          SDA                 查看SEEKFREE_IIC文件内的SEEKFREE_SDA宏定义
   23                                                  ------------------------------------ 
   24           ********************************************************************************************************
             -************/
   25          
   26          
   27          #include "SEEKFREE_IIC.h"
*** ERROR C318 IN LINE 32 OF ..\..\Libraries\seekfree_peripheral\SEEKFREE_IIC.h: can't open file 'common.h'
*** ERROR C25 IN LINE 47 OF ..\..\Libraries\seekfree_peripheral\SEEKFREE_IIC.h: syntax error near 'ack_main'
*** ERROR C25 IN LINE 48 OF ..\..\Libraries\seekfree_peripheral\SEEKFREE_IIC.h: syntax error near 'c'
*** ERROR C25 IN LINE 49 OF ..\..\Libraries\seekfree_peripheral\SEEKFREE_IIC.h: syntax error near 'ack'
*** ERROR C42 IN LINE 49 OF ..\..\Libraries\seekfree_peripheral\SEEKFREE_IIC.h: 'read_ch': not in formal parameter list
*** ERROR C25 IN LINE 50 OF ..\..\Libraries\seekfree_peripheral\SEEKFREE_IIC.h: syntax error near 'dev_add'
*** ERROR C42 IN LINE 50 OF ..\..\Libraries\seekfree_peripheral\SEEKFREE_IIC.h: 'simiic_write_reg': not in formal parame
             -ter list
*** WARNING C34 IN LINE 51 OF ..\..\Libraries\seekfree_peripheral\SEEKFREE_IIC.h: 'uint8': missing declaration specifier
             -s
*** ERROR C42 IN LINE 51 OF ..\..\Libraries\seekfree_peripheral\SEEKFREE_IIC.h: 'uint8': not in formal parameter list
*** ERROR C25 IN LINE 51 OF ..\..\Libraries\seekfree_peripheral\SEEKFREE_IIC.h: syntax error near 'simiic_read_reg'
*** ERROR C25 IN LINE 51 OF ..\..\Libraries\seekfree_peripheral\SEEKFREE_IIC.h: syntax error near 'dev_add'
*** ERROR C42 IN LINE 51 OF ..\..\Libraries\seekfree_peripheral\SEEKFREE_IIC.h: 'simiic_read_reg': not in formal paramet
             -er list
*** ERROR C25 IN LINE 52 OF ..\..\Libraries\seekfree_peripheral\SEEKFREE_IIC.h: syntax error near 'dev_add'
*** ERROR C42 IN LINE 52 OF ..\..\Libraries\seekfree_peripheral\SEEKFREE_IIC.h: 'simiic_read_regs': not in formal parame
             -ter list
*** ERROR C42 IN LINE 53 OF ..\..\Libraries\seekfree_peripheral\SEEKFREE_IIC.h: 'simiic_init': not in formal parameter l
             -ist
   28          
   29          
   30          
   31          
   32          
   33          #define SDA                     SIMIIC_SDA_PIN
   34          #define SDA0()          SIMIIC_SDA_PIN = 0              //IO口输出低电平
   35          #define SDA1()          SIMIIC_SDA_PIN = 1              //IO口输出高电平  
   36          #define SCL0()          SIMIIC_SCL_PIN = 0              //IO口输出低电平
C251 COMPILER V5.60.0,  SEEKFREE_IIC                                                       15/11/23  21:36:21  PAGE 2   

   37          #define SCL1()          SIMIIC_SCL_PIN = 1              //IO口输出高电平
   38          
   39          
   40          //内部数据定义
   41          uint8 IIC_ad_main; //器件从地址        
*** WARNING C34 IN LINE 41 OF ..\..\Libraries\seekfree_peripheral\SEEKFREE_IIC.c: 'uint8': missing declaration specifier
             -s
*** ERROR C42 IN LINE 41 OF ..\..\Libraries\seekfree_peripheral\SEEKFREE_IIC.c: 'uint8': not in formal parameter list
*** ERROR C25 IN LINE 41 OF ..\..\Libraries\seekfree_peripheral\SEEKFREE_IIC.c: syntax error near 'IIC_ad_main'
*** WARNING C34 IN LINE 41 OF ..\..\Libraries\seekfree_peripheral\SEEKFREE_IIC.c: 'IIC_ad_main': missing declaration spe
             -cifiers
*** ERROR C42 IN LINE 41 OF ..\..\Libraries\seekfree_peripheral\SEEKFREE_IIC.c: 'IIC_ad_main': not in formal parameter l
             -ist
   42          uint8 IIC_ad_sub;  //器件子地址       
*** WARNING C34 IN LINE 42 OF ..\..\Libraries\seekfree_peripheral\SEEKFREE_IIC.c: 'uint8': missing declaration specifier
             -s
*** ERROR C42 IN LINE 42 OF ..\..\Libraries\seekfree_peripheral\SEEKFREE_IIC.c: 'uint8': not in formal parameter list
*** ERROR C25 IN LINE 42 OF ..\..\Libraries\seekfree_peripheral\SEEKFREE_IIC.c: syntax error near 'IIC_ad_sub'
*** WARNING C34 IN LINE 42 OF ..\..\Libraries\seekfree_peripheral\SEEKFREE_IIC.c: 'IIC_ad_sub': missing declaration spec
             -ifiers
*** ERROR C42 IN LINE 42 OF ..\..\Libraries\seekfree_peripheral\SEEKFREE_IIC.c: 'IIC_ad_sub': not in formal parameter li
             -st
   43          uint8 *IIC_buf;    //发送|接收数据缓冲区           
*** WARNING C34 IN LINE 43 OF ..\..\Libraries\seekfree_peripheral\SEEKFREE_IIC.c: 'uint8': missing declaration specifier
             -s
*** ERROR C42 IN LINE 43 OF ..\..\Libraries\seekfree_peripheral\SEEKFREE_IIC.c: 'uint8': not in formal parameter list
*** ERROR C25 IN LINE 43 OF ..\..\Libraries\seekfree_peripheral\SEEKFREE_IIC.c: syntax error near '*'
*** WARNING C34 IN LINE 43 OF ..\..\Libraries\seekfree_peripheral\SEEKFREE_IIC.c: 'IIC_buf': missing declaration specifi
             -ers
*** ERROR C42 IN LINE 43 OF ..\..\Libraries\seekfree_peripheral\SEEKFREE_IIC.c: 'IIC_buf': not in formal parameter list
   44          uint8 IIC_num;     //发送|接收数据个数       
*** WARNING C34 IN LINE 44 OF ..\..\Libraries\seekfree_peripheral\SEEKFREE_IIC.c: 'uint8': missing declaration specifier
             -s
*** ERROR C42 IN LINE 44 OF ..\..\Libraries\seekfree_peripheral\SEEKFREE_IIC.c: 'uint8': not in formal parameter list
*** ERROR C25 IN LINE 44 OF ..\..\Libraries\seekfree_peripheral\SEEKFREE_IIC.c: syntax error near 'IIC_num'
*** ERROR C7 IN LINE 44 OF ..\..\Libraries\seekfree_peripheral\SEEKFREE_IIC.c: compilation aborted

C251 COMPILATION COMPLETE.  8 WARNING(S),  26 ERROR(S)
