C251 COMPILER V5.60.0,  zf_delay                                                           15/11/23  21:36:19  PAGE 1   


C251 COMPILER V5.60.0, COMPILATION OF MODULE zf_delay
OBJECT MODULE PLACED IN .\zf_delay.obj
COMPILER INVOKED BY: D:\keil5\keil5_MDK\keil5_MDK_32\C251\BIN\C251.EXE ..\..\Libraries\seekfree_libraries\zf_delay.c INT
                    -R2 DEBUG PRINT(.\zf_delay.lst) OBJECT(.\zf_delay.obj) 

stmt  level    source

    1          /********************************************************************************************************
             -*************
    2           * COPYRIGHT NOTICE
    3           * Copyright (c) 2020,逐飞科技
    4           * All rights reserved.
    5           * 技术讨论QQ群：一群：179029047(已满)  二群：244861897(已满)  三群：824575535
    6           *
    7           * 以下所有内容版权均属逐飞科技所有，未经允许不得用于商业用途，
    8           * 欢迎各位使用并传播本程序，修改内容时必须保留逐飞科技的版权声明。
    9           *
   10           * @file                delay
   11           * @company                     成都逐飞科技有限公司
   12           * @author              逐飞科技(QQ790875685)
   13           * @version             查看doc内version文件 版本说明
   14           * @Software            MDK FOR C251 V5.60
   15           * @Target core         STC32G12K128
   16           * @Taobao              https://seekfree.taobao.com/
   17           * @date                2020-4-14
   18           ********************************************************************************************************
             -************/
   19          
   20          
   21          #include "zf_delay.h"
*** ERROR C318 IN LINE 22 OF ..\..\Libraries\seekfree_libraries\zf_delay.h: can't open file 'common.h'
*** ERROR C25 IN LINE 26 OF ..\..\Libraries\seekfree_libraries\zf_delay.h: syntax error near 'x'
*** ERROR C25 IN LINE 27 OF ..\..\Libraries\seekfree_libraries\zf_delay.h: syntax error near 'us'
   22          #include "board.h"
*** ERROR C318 IN LINE 22 OF ..\..\Libraries\seekfree_libraries\zf_delay.c: can't open file 'board.h'
   23          #include "intrins.h"
   24          
   25          vuint16 zf_delay_ms = 0;
*** ERROR C142 IN LINE 25 OF ..\..\Libraries\seekfree_libraries\zf_delay.c: illegal initialization
   26          vuint16 zf_delay_us = 0;
*** WARNING C34 IN LINE 26 OF ..\..\Libraries\seekfree_libraries\zf_delay.c: 'vuint16': missing declaration specifiers
*** ERROR C42 IN LINE 26 OF ..\..\Libraries\seekfree_libraries\zf_delay.c: 'vuint16': not in formal parameter list
*** ERROR C25 IN LINE 26 OF ..\..\Libraries\seekfree_libraries\zf_delay.c: syntax error near 'zf_delay_us'
*** ERROR C142 IN LINE 26 OF ..\..\Libraries\seekfree_libraries\zf_delay.c: illegal initialization
   27          
   28          //-------------------------------------------------------------------------------------------------------
             -------------
   29          //  @brief      软件延时函数初始化
   30          //  @param      NULL         
   31          //  @return     void
   32          //  Sample usage:               无需用户调用，用户请使用h文件中的宏定义
   33          //-------------------------------------------------------------------------------------------------------
             -------------
   34          void delay_init(void)
   35          {
*** ERROR C42 IN LINE 35 OF ..\..\Libraries\seekfree_libraries\zf_delay.c: 'delay_init': not in formal parameter list
*** ERROR C25 IN LINE 35 OF ..\..\Libraries\seekfree_libraries\zf_delay.c: syntax error near '{'
   36                  zf_delay_ms = sys_clk / 6000;
   37                  zf_delay_us = sys_clk / 7000000;
   38                  if(sys_clk <= 12000000) zf_delay_us++;
   39          
   40          }
   41          
   42          //-------------------------------------------------------------------------------------------------------
             -------------
C251 COMPILER V5.60.0,  zf_delay                                                           15/11/23  21:36:19  PAGE 2   

   43          //  @brief      软件延时函数
   44          //  @param      x               需要延时的时间（ms）
   45          //  @return     void
   46          //  Sample usage:               无需用户调用，用户请使用h文件中的宏定义
   47          //-------------------------------------------------------------------------------------------------------
             -------------
   48          void delay_ms(uint16 ms)
   49          {
   50                  uint16 i;
   51                  do {
   52                                  i = zf_delay_ms;
   53                                  //i = sys_clk/6000;//参数: ms,要延时的ms数, 这里只支持1~255ms. 自动适应主时钟.
   54                                  while(--i);
   55                     }while(--ms);
   56          }
   57          
   58          //-------------------------------------------------------------------------------------------------------
             -------------
   59          //  @brief      软件延时函数(这是一个不准确的延时)
   60          //  @param      x               需要延时的时间（us）
   61          //  @return     void
   62          //  Sample usage:               无需用户调用，用户请使用h文件中的宏定义
   63          //-------------------------------------------------------------------------------------------------------
             -------------
   64          void delay_us(uint32 us)
   65          {
   66                  uint16 i;
   67                  do {
   68                                  i = zf_delay_us;
   69                                  //i = sys_clk/6000;//参数: ms,要延时的ms数, 这里只支持1~255ms. 自动适应主时钟.
   70                                  while(--i);
   71                     }while(--us);
   72          }
*** ERROR C7 IN LINE 72 OF ..\..\Libraries\seekfree_libraries\zf_delay.c: compilation aborted

C251 COMPILATION COMPLETE.  1 WARNING(S),  11 ERROR(S)
