C251 COMPILER V5.60.0,  zf_fifo                                                            15/11/23  21:36:20  PAGE 1   


C251 COMPILER V5.60.0, COMPILATION OF MODULE zf_fifo
OBJECT MODULE PLACED IN .\zf_fifo.obj
COMPILER INVOKED BY: D:\keil5\keil5_MDK\keil5_MDK_32\C251\BIN\C251.EXE ..\..\Libraries\seekfree_libraries\zf_fifo.c INTR
                    -2 DEBUG PRINT(.\zf_fifo.lst) OBJECT(.\zf_fifo.obj) 

stmt  level    source

    1          /********************************************************************************************************
             -*************
    2           * COPYRIGHT NOTICE
    3           * Copyright (c) 2020,逐飞科技
    4           * All rights reserved.
    5           * 技术讨论QQ群：一群：179029047(已满)  二群：244861897(已满)  三群：824575535
    6           *
    7           * 以下所有内容版权均属逐飞科技所有，未经允许不得用于商业用途，
    8           * 欢迎各位使用并传播本程序，修改内容时必须保留逐飞科技的版权声明。
    9           *
   10           * @file                fifo
   11           * @company                     成都逐飞科技有限公司
   12           * @author              逐飞科技(QQ790875685)
   13           * @version             查看doc内version文件 版本说明
   14           * @Software            MDK FOR C251 V5.60
   15           * @Target core         STC32G12K128
   16           * @Taobao              https://seekfree.taobao.com/
   17           * @date                2020-4-14
   18           ********************************************************************************************************
             -************/
   19          
   20          
   21          
   22          #include "stdio.h"
   23          #include "string.h"
   24          #include "board.h"
*** ERROR C318 IN LINE 24 OF ..\..\Libraries\seekfree_libraries\zf_fifo.c: can't open file 'board.h'
   25          #include "zf_gpio.h"
*** ERROR C318 IN LINE 24 OF ..\..\Libraries\seekfree_libraries\zf_gpio.h: can't open file 'common.h'
   26          #include "zf_uart.h"
*** ERROR C318 IN LINE 24 OF ..\..\Libraries\seekfree_libraries\zf_uart.h: can't open file 'common.h'
*** ERROR C318 IN LINE 22 OF ..\..\Libraries\seekfree_libraries\zf_tim.h: can't open file 'common.h'
*** ERROR C42 IN LINE 55 OF ..\..\Libraries\seekfree_libraries\zf_tim.h: 'ctimer_count_read': not in formal parameter li
             -st
*** ERROR C25 IN LINE 57 OF ..\..\Libraries\seekfree_libraries\zf_tim.h: syntax error near 'time_ms'
*** ERROR C42 IN LINE 57 OF ..\..\Libraries\seekfree_libraries\zf_tim.h: 'pit_timer_ms': not in formal parameter list
*** ERROR C29 IN LINE 54 OF ..\..\Libraries\seekfree_libraries\zf_uart.h: formal/parameter has illegal storage class
*** ERROR C33 IN LINE 60 OF ..\..\Libraries\seekfree_libraries\zf_uart.h: 'UARTN_enum': invalid storage class
*** ERROR C29 IN LINE 64 OF ..\..\Libraries\seekfree_libraries\zf_uart.h: formal/parameter has illegal storage class
*** ERROR C33 IN LINE 81 OF ..\..\Libraries\seekfree_libraries\zf_uart.h: 'UARTPIN_enum': invalid storage class
*** ERROR C29 IN LINE 87 OF ..\..\Libraries\seekfree_libraries\zf_uart.h: formal/parameter has illegal storage class
*** ERROR C33 IN LINE 87 OF ..\..\Libraries\seekfree_libraries\zf_uart.h: 'uint8': invalid storage class
*** ERROR C25 IN LINE 87 OF ..\..\Libraries\seekfree_libraries\zf_uart.h: syntax error near 'uart1_tx_buff'
*** ERROR C33 IN LINE 87 OF ..\..\Libraries\seekfree_libraries\zf_uart.h: 'uart1_tx_buff': invalid storage class
*** ERROR C29 IN LINE 88 OF ..\..\Libraries\seekfree_libraries\zf_uart.h: formal/parameter has illegal storage class
*** ERROR C33 IN LINE 88 OF ..\..\Libraries\seekfree_libraries\zf_uart.h: 'uint8': invalid storage class
*** ERROR C25 IN LINE 88 OF ..\..\Libraries\seekfree_libraries\zf_uart.h: syntax error near 'uart1_rx_buff'
*** ERROR C33 IN LINE 88 OF ..\..\Libraries\seekfree_libraries\zf_uart.h: 'uart1_rx_buff': invalid storage class
*** ERROR C29 IN LINE 89 OF ..\..\Libraries\seekfree_libraries\zf_uart.h: formal/parameter has illegal storage class
*** ERROR C33 IN LINE 89 OF ..\..\Libraries\seekfree_libraries\zf_uart.h: 'uint8': invalid storage class
*** ERROR C25 IN LINE 89 OF ..\..\Libraries\seekfree_libraries\zf_uart.h: syntax error near 'busy'
*** ERROR C33 IN LINE 89 OF ..\..\Libraries\seekfree_libraries\zf_uart.h: 'busy': invalid storage class
*** ERROR C25 IN LINE 92 OF ..\..\Libraries\seekfree_libraries\zf_uart.h: syntax error near 'uart_n'
*** ERROR C42 IN LINE 92 OF ..\..\Libraries\seekfree_libraries\zf_uart.h: 'uart_init': not in formal parameter list
*** ERROR C25 IN LINE 93 OF ..\..\Libraries\seekfree_libraries\zf_uart.h: syntax error near 'uart_n'
*** ERROR C42 IN LINE 93 OF ..\..\Libraries\seekfree_libraries\zf_uart.h: 'uart_putchar': not in formal parameter list
*** ERROR C25 IN LINE 94 OF ..\..\Libraries\seekfree_libraries\zf_uart.h: syntax error near 'uart_n'
*** ERROR C42 IN LINE 94 OF ..\..\Libraries\seekfree_libraries\zf_uart.h: 'uart_putstr': not in formal parameter list
C251 COMPILER V5.60.0,  zf_fifo                                                            15/11/23  21:36:20  PAGE 2   

*** ERROR C25 IN LINE 95 OF ..\..\Libraries\seekfree_libraries\zf_uart.h: syntax error near 'uart_n'
*** ERROR C42 IN LINE 95 OF ..\..\Libraries\seekfree_libraries\zf_uart.h: 'uart_putbuff': not in formal parameter list
   27          #include "zf_nvic.h"
*** ERROR C318 IN LINE 23 OF ..\..\Libraries\seekfree_libraries\zf_nvic.h: can't open file 'common.h'
*** ERROR C29 IN LINE 27 OF ..\..\Libraries\seekfree_libraries\zf_nvic.h: formal/parameter has illegal storage class
*** ERROR C33 IN LINE 57 OF ..\..\Libraries\seekfree_libraries\zf_nvic.h: 'NVIC_IRQn_enum': invalid storage class
*** ERROR C25 IN LINE 60 OF ..\..\Libraries\seekfree_libraries\zf_nvic.h: syntax error near 'irqn'
*** ERROR C42 IN LINE 60 OF ..\..\Libraries\seekfree_libraries\zf_nvic.h: 'NVIC_SetPriority': not in formal parameter li
             -st
   28          #include "zf_delay.h"
*** ERROR C318 IN LINE 22 OF ..\..\Libraries\seekfree_libraries\zf_delay.h: can't open file 'common.h'
*** ERROR C42 IN LINE 25 OF ..\..\Libraries\seekfree_libraries\zf_delay.h: 'delay_init': not in formal parameter list
*** ERROR C25 IN LINE 26 OF ..\..\Libraries\seekfree_libraries\zf_delay.h: syntax error near 'x'
*** ERROR C42 IN LINE 26 OF ..\..\Libraries\seekfree_libraries\zf_delay.h: 'delay_ms': not in formal parameter list
*** ERROR C25 IN LINE 27 OF ..\..\Libraries\seekfree_libraries\zf_delay.h: syntax error near 'us'
*** ERROR C7 IN LINE 27 OF ..\..\Libraries\seekfree_libraries\zf_delay.h: compilation aborted

C251 COMPILATION COMPLETE.  0 WARNING(S),  42 ERROR(S)
