C251 COMPILER V5.60.0,  zf_spi                                                             15/11/23  21:36:19  PAGE 1   


C251 COMPILER V5.60.0, COMPILATION OF MODULE zf_spi
OBJECT MODULE PLACED IN .\zf_spi.obj
COMPILER INVOKED BY: D:\keil5\keil5_MDK\keil5_MDK_32\C251\BIN\C251.EXE ..\..\Libraries\seekfree_libraries\zf_spi.c INTR2
                    - DEBUG PRINT(.\zf_spi.lst) OBJECT(.\zf_spi.obj) 

stmt  level    source

    1          /********************************************************************************************************
             -*************
    2           * COPYRIGHT NOTICE
    3           * Copyright (c) 2020,逐飞科技
    4           * All rights reserved.
    5           * 技术讨论QQ群：一群：179029047(已满)  二群：244861897(已满)  三群：824575535
    6           *
    7           * 以下所有内容版权均属逐飞科技所有，未经允许不得用于商业用途，
    8           * 欢迎各位使用并传播本程序，修改内容时必须保留逐飞科技的版权声明。
    9           *
   10           * @file                spi
   11           * @company                     成都逐飞科技有限公司
   12           * @author              逐飞科技(QQ790875685)
   13           * @version             查看doc内version文件 版本说明
   14           * @Software            MDK FOR C251 V5.60
   15           * @Target core         STC32G12K128
   16           * @Taobao              https://seekfree.taobao.com/
   17           * @date                2020-4-14
   18           ********************************************************************************************************
             -************/
   19          #pragma warning disable = 47
   20          
   21          #include "zf_gpio.h"
*** ERROR C318 IN LINE 24 OF ..\..\Libraries\seekfree_libraries\zf_gpio.h: can't open file 'common.h'
   22          #include "zf_spi.h"
*** ERROR C318 IN LINE 22 OF ..\..\Libraries\seekfree_libraries\zf_spi.h: can't open file 'common.h'
*** ERROR C25 IN LINE 75 OF ..\..\Libraries\seekfree_libraries\zf_spi.h: syntax error near 'mode'
*** ERROR C25 IN LINE 84 OF ..\..\Libraries\seekfree_libraries\zf_spi.h: syntax error near 'mode'
*** ERROR C25 IN LINE 86 OF ..\..\Libraries\seekfree_libraries\zf_spi.h: syntax error near 'dat'
*** ERROR C42 IN LINE 86 OF ..\..\Libraries\seekfree_libraries\zf_spi.h: 'spi_mosi': not in formal parameter list
   23          
   24          
   25          
   26          //-------------------------------------------------------------------------------------------------------
             -------------
   27          //  @brief      spi初始化函数(ss引脚由软件控制)
   28          //  @param      spi_n                   选择SPI模块(SPI_1-SPI_4)
   29          //  @param      sck_pin                 选择SCK引脚
   30          //  @param      mosi_pin                选择MOSI引脚
   31          //  @param      miso_pin                选择MISO引脚
   32          //  @param      mstr                    主从选择
   33          //  @param      mode            SPI模式 0：CPOL=0 CPHA=0    1：CPOL=0 CPHA=1   2：CPOL=1 CPHA=0   3：CPOL
             -=1 CPHA=1 //具体细节可自行百度
   34          //  @param      baud                    速率选择
   35          //  @since      v1.0
   36          //  Sample usage:                               spi_init(SPI_1, SPI1_SCLK_P15, SPI1_MOSI_P13, SPI1_MISO_P14, 0, MASTER, SYSclk_DIV_4
             -);        
   37          //                                                              //初始化SPI1,主机模式,速率为系统频率/4，SCLK引脚P1.5 MOSI引脚P1.3 MISO引脚P1.4,SPI模式0
   38          //-------------------------------------------------------------------------------------------------------
             -------------
   39          void spi_init(SPIN_enum spi_n,
   40                                    SPI_PIN_enum sck_pin, 
   41                                    SPI_PIN_enum mosi_pin, 
   42                                    SPI_PIN_enum miso_pin, 
   43                                    uint8 mode,
*** ERROR C25 IN LINE 43 OF ..\..\Libraries\seekfree_libraries\zf_spi.c: syntax error near 'mode'
   44                                    SPI_MSTR_enum mstr,
   45                                    SPI_BAUD_enum baud)
C251 COMPILER V5.60.0,  zf_spi                                                             15/11/23  21:36:19  PAGE 2   

   46          {
*** ERROR C42 IN LINE 46 OF ..\..\Libraries\seekfree_libraries\zf_spi.c: 'spi_init': not in formal parameter list
   47                  switch(spi_n)
   48              {
   49                  //IO口需要配置为：准双向口（传统8051端口模式，弱上拉）
   50              case SPI_CH1:
   51                          gpio_mode(P1_3,GPIO);
   52                          gpio_mode(P1_4,GPIO);
   53                          gpio_mode(P1_5,GPIO);
   54                  break;
   55              case SPI_CH2:
   56                          gpio_mode(P2_3,GPIO);
   57                          gpio_mode(P2_4,GPIO);
   58                          gpio_mode(P2_5,GPIO);
   59                  break;
   60              case SPI_CH3:
   61                          gpio_mode(P4_0,GPIO);
   62                          gpio_mode(P4_1,GPIO);
   63                          gpio_mode(P4_3,GPIO);
   64                  break;
   65              case SPI_CH4:
   66                          gpio_mode(P3_4,GPIO);
   67                          gpio_mode(P3_3,GPIO);
   68                          gpio_mode(P3_2,GPIO);
   69                  break;
   70              }
   71                  
   72                  P_SW1 &= ~(0x03<<2);  //清除SPI功能脚选择位
   73              switch(spi_n)
   74              {
   75              case SPI_CH1:
   76                  P_SW1 |= (0x00<<2);
   77                  break;
   78              case SPI_CH2:
   79                  P_SW1 |= (0x01<<2);
   80                  break;
   81              case SPI_CH3:
   82                  P_SW1 |= (0x02<<2);
   83                  break;
   84              case SPI_CH4:
   85                  P_SW1 |= (0x03<<2);
   86                  break;
   87              }
   88                  
   89                  SPCTL &= 0xF3;          //清除SPI极性和相位
   90                  switch(mode)
   91                  {
   92                  case 0:
   93                          
   94                          break;
   95                  case 1:
   96                          SPCTL |= 0x01<<2;
   97                          break;
   98                  case 2:
   99                          SPCTL |= 0x02<<2;
  100                          break;
  101                  case 3:
  102                          SPCTL |= 0x03<<2;
  103                          break;
  104                  }
  105                          
  106                  
  107                  SPCTL |= baud;          //速率设定
  108          
  109              if(mstr == MASTER)
  110              {
C251 COMPILER V5.60.0,  zf_spi                                                             15/11/23  21:36:19  PAGE 3   

  111                  SPCTL |= 1<<7;  //忽略SS引脚功能，使用MSTR确定器件是主机还是从机
  112                  SPCTL |= 1<<4;  //主机模式
  113              }
  114              else
  115              {
  116                  //不做操作
  117              }
  118              SPCTL |= 1<<6;              //使能SPI功能
  119          }
  120          
  121          
  122          
  123          //-------------------------------------------------------------------------------------------------------
             -------------
  124          //  @brief      SPI发送接收函数
  125          //  @param      dat             发送的数据
  126          //  @since      v1.0
  127          //  Sample usage:                               buf_1 = spi_mosi(buf);    //发送buf的内容，并接收到buf_1里，长度为1字节
  128          //-------------------------------------------------------------------------------------------------------
             -------------
  129          uint8 spi_mosi(uint8 dat)
  130          {
  131              SPDAT = dat;                                        //DATA寄存器赋值
  132              while (!(SPSTAT & 0x80));           //查询完成标志
  133              SPSTAT = 0xc0;                  //清中断标志
  134                  return SPDAT;
  135          }
  136          
  137          
  138          //-------------------------------------------------------------------------------------------------------
             -------------
  139          //  @brief      spi引脚切换函数(ss引脚由软件控制)
  140          //  @param      spi_n                   选择SPI模块(SPI_1-SPI_4)
  141          //  @param      sck_pin                 选择SCK引脚
  142          //  @param      mosi_pin                选择MOSI引脚
  143          //  @param      miso_pin                选择MISO引脚
  144          //  Sample usage:                               spi_change_pin(SPI_1,SPI1_SCLK_P15, SPI1_MOSI_P13,SPI1_MISO_P14);       
  145          //                                                              //切换SPI引脚
  146          //-------------------------------------------------------------------------------------------------------
             -------------
  147          void spi_change_pin(SPIN_enum spi_n, SPI_PIN_enum sck_pin, SPI_PIN_enum mosi_pin, SPI_PIN_enum miso_pin)
  148          {
  149              P_SW1 &= ~(0x03<<2);  //清除SPI功能脚选择位
  150                  switch(spi_n)
  151              {
  152                  //IO口需要配置为：准双向口（传统8051端口模式，弱上拉）
  153              case SPI_CH1:
  154                          gpio_mode(P1_3,GPO_PP);
  155                          gpio_mode(P1_4,GPIO);
  156                          gpio_mode(P1_5,GPO_PP);
  157                  break;
  158              case SPI_CH2:
  159                          gpio_mode(P2_3,GPO_PP);
  160                          gpio_mode(P2_4,GPIO);
  161                          gpio_mode(P2_5,GPO_PP);
  162                  break;
  163              case SPI_CH3:
  164                          gpio_mode(P4_0,GPO_PP);
  165                          gpio_mode(P4_1,GPIO);
  166                          gpio_mode(P4_3,GPO_PP);
  167                  break;
  168              case SPI_CH4:
  169                          gpio_mode(P3_4,GPO_PP);
  170                          gpio_mode(P3_3,GPIO);
  171                          gpio_mode(P3_2,GPO_PP);
  172                  break;
C251 COMPILER V5.60.0,  zf_spi                                                             15/11/23  21:36:19  PAGE 4   

  173              }
  174                  
  175          
  176              switch(spi_n)
  177              {
  178              case SPI_CH1:
  179                  P_SW1 |= (0x00<<2);
  180                  break;
  181              case SPI_CH2:
  182                  P_SW1 |= (0x01<<2);
  183                  break;
  184              case SPI_CH3:
  185                  P_SW1 |= (0x02<<2);
  186                  break;
  187              case SPI_CH4:
  188                  P_SW1 |= (0x03<<2);
  189                  break;
  190              }
  191          }
  192          
  193          
  194          
  195          //-------------------------------------------------------------------------------------------------------
             -------------
  196          //  @brief      spi模式切换函数
  197          //  @param      mode            SPI模式 0：CPOL=0 CPHA=0    1：CPOL=0 CPHA=1   2：CPOL=1 CPHA=0   3：CPOL
             -=1 CPHA=1 //具体细节可自行百度
  198          //  Sample usage:                               
  199          //-------------------------------------------------------------------------------------------------------
             -------------
  200          void spi_change_mode(uint8 mode)
  201          {
  202                  SPCTL &= 0xF7;          //清除SPI极性和相位
  203                  switch(mode)
  204                  {
  205                  case 0:
  206                          
  207                          break;
  208                  case 1:
  209                          SPCTL |= 0x01<<2;
  210                          break;
  211                  case 2:
  212                          SPCTL |= 0x02<<2;
  213                          break;
  214                  case 3:
  215                          SPCTL |= 0x03<<2;
  216                          break;
  217                  }
  218          }
*** ERROR C7 IN LINE 218 OF ..\..\Libraries\seekfree_libraries\zf_spi.c: compilation aborted

C251 COMPILATION COMPLETE.  0 WARNING(S),  9 ERROR(S)
