C251 COMPILER V5.60.0,  zf_uart                                                            15/11/23  21:36:20  PAGE 1   


C251 COMPILER V5.60.0, COMPILATION OF MODULE zf_uart
OBJECT MODULE PLACED IN .\zf_uart.obj
COMPILER INVOKED BY: D:\keil5\keil5_MDK\keil5_MDK_32\C251\BIN\C251.EXE ..\..\Libraries\seekfree_libraries\zf_uart.c INTR
                    -2 DEBUG PRINT(.\zf_uart.lst) OBJECT(.\zf_uart.obj) 

stmt  level    source

    1          /********************************************************************************************************
             -*************
    2           * COPYRIGHT NOTICE
    3           * Copyright (c) 2020,逐飞科技
    4           * All rights reserved.
    5           * 技术讨论QQ群：一群：179029047(已满)  二群：244861897(已满)  三群：824575535
    6           *
    7           * 以下所有内容版权均属逐飞科技所有，未经允许不得用于商业用途，
    8           * 欢迎各位使用并传播本程序，修改内容时必须保留逐飞科技的版权声明。
    9           *
   10           * @file                uart
   11           * @company                     成都逐飞科技有限公司
   12           * @author              逐飞科技(QQ790875685)
   13           * @version             查看doc内version文件 版本说明
   14           * @Software            MDK FOR C251 V5.60
   15           * @Target core         STC32G12K128
   16           * @Taobao              https://seekfree.taobao.com/
   17           * @date                2020-4-14
   18           ********************************************************************************************************
             -************/
   19          
   20          #include "zf_uart.h"
*** ERROR C318 IN LINE 24 OF ..\..\Libraries\seekfree_libraries\zf_uart.h: can't open file 'common.h'
*** ERROR C318 IN LINE 22 OF ..\..\Libraries\seekfree_libraries\zf_tim.h: can't open file 'common.h'
*** ERROR C42 IN LINE 55 OF ..\..\Libraries\seekfree_libraries\zf_tim.h: 'ctimer_count_read': not in formal parameter li
             -st
*** ERROR C25 IN LINE 57 OF ..\..\Libraries\seekfree_libraries\zf_tim.h: syntax error near 'time_ms'
*** ERROR C42 IN LINE 57 OF ..\..\Libraries\seekfree_libraries\zf_tim.h: 'pit_timer_ms': not in formal parameter list
*** ERROR C29 IN LINE 54 OF ..\..\Libraries\seekfree_libraries\zf_uart.h: formal/parameter has illegal storage class
*** ERROR C33 IN LINE 60 OF ..\..\Libraries\seekfree_libraries\zf_uart.h: 'UARTN_enum': invalid storage class
*** ERROR C29 IN LINE 64 OF ..\..\Libraries\seekfree_libraries\zf_uart.h: formal/parameter has illegal storage class
*** ERROR C33 IN LINE 81 OF ..\..\Libraries\seekfree_libraries\zf_uart.h: 'UARTPIN_enum': invalid storage class
*** ERROR C29 IN LINE 87 OF ..\..\Libraries\seekfree_libraries\zf_uart.h: formal/parameter has illegal storage class
*** ERROR C33 IN LINE 87 OF ..\..\Libraries\seekfree_libraries\zf_uart.h: 'uint8': invalid storage class
*** ERROR C25 IN LINE 87 OF ..\..\Libraries\seekfree_libraries\zf_uart.h: syntax error near 'uart1_tx_buff'
*** ERROR C33 IN LINE 87 OF ..\..\Libraries\seekfree_libraries\zf_uart.h: 'uart1_tx_buff': invalid storage class
*** ERROR C29 IN LINE 88 OF ..\..\Libraries\seekfree_libraries\zf_uart.h: formal/parameter has illegal storage class
*** ERROR C33 IN LINE 88 OF ..\..\Libraries\seekfree_libraries\zf_uart.h: 'uint8': invalid storage class
*** ERROR C25 IN LINE 88 OF ..\..\Libraries\seekfree_libraries\zf_uart.h: syntax error near 'uart1_rx_buff'
*** ERROR C33 IN LINE 88 OF ..\..\Libraries\seekfree_libraries\zf_uart.h: 'uart1_rx_buff': invalid storage class
*** ERROR C29 IN LINE 89 OF ..\..\Libraries\seekfree_libraries\zf_uart.h: formal/parameter has illegal storage class
*** ERROR C33 IN LINE 89 OF ..\..\Libraries\seekfree_libraries\zf_uart.h: 'uint8': invalid storage class
*** ERROR C25 IN LINE 89 OF ..\..\Libraries\seekfree_libraries\zf_uart.h: syntax error near 'busy'
*** ERROR C33 IN LINE 89 OF ..\..\Libraries\seekfree_libraries\zf_uart.h: 'busy': invalid storage class
*** ERROR C25 IN LINE 92 OF ..\..\Libraries\seekfree_libraries\zf_uart.h: syntax error near 'uart_n'
*** ERROR C42 IN LINE 92 OF ..\..\Libraries\seekfree_libraries\zf_uart.h: 'uart_init': not in formal parameter list
*** ERROR C25 IN LINE 93 OF ..\..\Libraries\seekfree_libraries\zf_uart.h: syntax error near 'uart_n'
*** ERROR C42 IN LINE 93 OF ..\..\Libraries\seekfree_libraries\zf_uart.h: 'uart_putchar': not in formal parameter list
*** ERROR C25 IN LINE 94 OF ..\..\Libraries\seekfree_libraries\zf_uart.h: syntax error near 'uart_n'
*** ERROR C42 IN LINE 94 OF ..\..\Libraries\seekfree_libraries\zf_uart.h: 'uart_putstr': not in formal parameter list
*** ERROR C25 IN LINE 95 OF ..\..\Libraries\seekfree_libraries\zf_uart.h: syntax error near 'uart_n'
*** ERROR C42 IN LINE 95 OF ..\..\Libraries\seekfree_libraries\zf_uart.h: 'uart_putbuff': not in formal parameter list
   21          #include "board.h"
*** ERROR C318 IN LINE 21 OF ..\..\Libraries\seekfree_libraries\zf_uart.c: can't open file 'board.h'
   22             
   23          
   24          
   25          uint8 busy[5];                           //接收忙标志位
C251 COMPILER V5.60.0,  zf_uart                                                            15/11/23  21:36:20  PAGE 2   

*** WARNING C34 IN LINE 25 OF ..\..\Libraries\seekfree_libraries\zf_uart.c: 'uint8': missing declaration specifiers
*** ERROR C42 IN LINE 25 OF ..\..\Libraries\seekfree_libraries\zf_uart.c: 'uint8': not in formal parameter list
*** ERROR C25 IN LINE 25 OF ..\..\Libraries\seekfree_libraries\zf_uart.c: syntax error near 'busy'
*** WARNING C34 IN LINE 25 OF ..\..\Libraries\seekfree_libraries\zf_uart.c: 'busy': missing declaration specifiers
*** ERROR C42 IN LINE 25 OF ..\..\Libraries\seekfree_libraries\zf_uart.c: 'busy': not in formal parameter list
   26          
   27          uint8 uart1_tx_buff[UART1_TX_BUFFER_SIZE];      //发送缓冲
*** WARNING C34 IN LINE 27 OF ..\..\Libraries\seekfree_libraries\zf_uart.c: 'uint8': missing declaration specifiers
*** ERROR C42 IN LINE 27 OF ..\..\Libraries\seekfree_libraries\zf_uart.c: 'uint8': not in formal parameter list
*** ERROR C25 IN LINE 27 OF ..\..\Libraries\seekfree_libraries\zf_uart.c: syntax error near 'uart1_tx_buff'
*** WARNING C34 IN LINE 27 OF ..\..\Libraries\seekfree_libraries\zf_uart.c: 'uart1_tx_buff': missing declaration specifi
             -ers
*** ERROR C42 IN LINE 27 OF ..\..\Libraries\seekfree_libraries\zf_uart.c: 'uart1_tx_buff': not in formal parameter list
   28          uint8 uart1_rx_buff[UART1_RX_BUFFER_SIZE];      //接收缓冲
*** WARNING C34 IN LINE 28 OF ..\..\Libraries\seekfree_libraries\zf_uart.c: 'uint8': missing declaration specifiers
*** ERROR C42 IN LINE 28 OF ..\..\Libraries\seekfree_libraries\zf_uart.c: 'uint8': not in formal parameter list
*** ERROR C25 IN LINE 28 OF ..\..\Libraries\seekfree_libraries\zf_uart.c: syntax error near 'uart1_rx_buff'
*** ERROR C7 IN LINE 28 OF ..\..\Libraries\seekfree_libraries\zf_uart.c: compilation aborted

C251 COMPILATION COMPLETE.  5 WARNING(S),  39 ERROR(S)
