C251 COMPILER V5.60.0,  isr                                                                17/11/23  15:28:39  PAGE 1   


C251 COMPILER V5.60.0, COMPILATION OF MODULE isr
OBJECT MODULE PLACED IN .\Out_File\isr.obj
COMPILER INVOKED BY: D:\keil5\keil5_MDK\keil5_MDK_32\C251\BIN\C251.EXE ..\USER\src\isr.c XSMALL INTR2 WARNINGLEVEL(3) BR
                    -OWSE INCDIR(..\..\Libraries\libraries;..\..\Libraries\seekfree_libraries;..\..\Libraries\seekfree_peripheral;..\CODE;..\
                    -USER\inc;..\USER\src) DEBUG PRINT(.\Out_File\isr.lst) OBJECT(.\Out_File\isr.obj) 

stmt  level    source

    1          ///******************************************************************************************************
             -***************
    2          // * COPYRIGHT NOTICE
    3          // * Copyright (c) 2020,逐飞科技
    4          // * All rights reserved.
    5          // * 技术讨论QQ群：一群：179029047(已满)  二群：244861897(已满)  三群：824575535
    6          // *
    7          // * 以下所有内容版权均属逐飞科技所有，未经允许不得用于商业用途，
    8          // * 欢迎各位使用并传播本程序，修改内容时必须保留逐飞科技的版权声明。
    9          // *
   10          // * @file                      isr
   11          // * @company                   成都逐飞科技有限公司
   12          // * @author                    逐飞科技(QQ790875685)
   13          // * @version                   查看doc内version文件 版本说明
   14          // * @Software                  MDK FOR C251 V5.60
   15          // * @Target core               STC32G12K128
   16          // * @Taobao                    https://seekfree.taobao.com/
   17          // * @date                      2020-4-14
   18          // ******************************************************************************************************
             -**************/
   19          #include "headfile.h"
   20          #include "Encoder.h"
   21          
   22          //UART1中断
   23          void UART1_Isr() interrupt 4
   24          {
   25   1          uint8 res;
   26   1              static uint8 dwon_count;
   27   1          if(UART1_GET_TX_FLAG)
   28   1          {
   29   2              UART1_CLEAR_TX_FLAG;
   30   2              busy[1] = 0;
   31   2          }
   32   1          if(UART1_GET_RX_FLAG)
   33   1          {
   34   2              UART1_CLEAR_RX_FLAG;
   35   2              res = SBUF;
   36   2              //程序自动下载
   37   2              if(res == 0x7F)
   38   2              {
   39   3                  if(dwon_count++ > 20)
   40   3                      IAP_CONTR = 0x60;
   41   3              }
   42   2              else
   43   2              {
   44   3                  dwon_count = 0;
   45   3              }
   46   2          }
   47   1      }
   48          
   49          //UART2中断
   50          void UART2_Isr() interrupt 8
   51          {
   52   1          if(UART2_GET_TX_FLAG)
   53   1              {
   54   2              UART2_CLEAR_TX_FLAG;
   55   2                      busy[2] = 0;
C251 COMPILER V5.60.0,  isr                                                                17/11/23  15:28:39  PAGE 2   

   56   2              }
   57   1          if(UART2_GET_RX_FLAG)
   58   1              {
   59   2              UART2_CLEAR_RX_FLAG;
   60   2                      //接收数据寄存器为：S2BUF
   61   2      
   62   2              }
   63   1      }
   64          
   65          
   66          //UART3中断
   67          void UART3_Isr() interrupt 17
   68          {
   69   1          if(UART3_GET_TX_FLAG)
   70   1              {
   71   2              UART3_CLEAR_TX_FLAG;
   72   2                      busy[3] = 0;
   73   2              }
   74   1          if(UART3_GET_RX_FLAG)
   75   1              {
   76   2              UART3_CLEAR_RX_FLAG;
   77   2                      //接收数据寄存器为：S3BUF
   78   2      
   79   2              }
   80   1      }
   81          
   82          
   83          //UART4中断
   84          void UART4_Isr() interrupt 18
   85          {
   86   1          if(UART4_GET_TX_FLAG)
   87   1              {
   88   2              UART4_CLEAR_TX_FLAG;
   89   2                      busy[4] = 0;
   90   2              }
   91   1          if(UART4_GET_RX_FLAG)
   92   1              {
   93   2              UART4_CLEAR_RX_FLAG;
   94   2      
   95   2                      //接收数据寄存器为：S4BUF;
   96   2                      if(wireless_type == WIRELESS_SI24R1)
   97   2              {
   98   3                  wireless_uart_callback();           //无线转串口回调函数
   99   3              }
  100   2              else if(wireless_type == WIRELESS_CH9141)
  101   2              {
  102   3                  bluetooth_ch9141_uart_callback();   //蓝牙转串口回调函数
  103   3              }
  104   2              else if(wireless_type == WIRELESS_CH573)
  105   2              {
  106   3                  wireless_ch573_callback();          //CH573无线模块回调函数
  107   3              }
  108   2              }
  109   1      }
  110          
  111          #define LED P52
  112          void INT0_Isr() interrupt 0
  113          {
  114   1              LED = 0;        //点亮LED
  115   1      }
  116          void INT1_Isr() interrupt 2
  117          {
  118   1      
  119   1      }
  120          void INT2_Isr() interrupt 10
  121          {
C251 COMPILER V5.60.0,  isr                                                                17/11/23  15:28:39  PAGE 3   

  122   1              INT2_CLEAR_FLAG;  //清除中断标志
  123   1      }
  124          void INT3_Isr() interrupt 11
  125          {
  126   1              INT3_CLEAR_FLAG;  //清除中断标志
  127   1      }
  128          
  129          void INT4_Isr() interrupt 16
  130          {
  131   1              INT4_CLEAR_FLAG;  //清除中断标志
  132   1      }
  133          
  134          void TM0_Isr() interrupt 1
  135          {
  136   1      
  137   1      }
  138          void TM1_Isr() interrupt 3
  139          {
  140   1      
  141   1      }
  142          void TM2_Isr() interrupt 12
  143          {
  144   1              TIM2_CLEAR_FLAG;  //清除中断标志
  145   1              
  146   1      }
  147          void TM3_Isr() interrupt 19
  148          {
  149   1              TIM3_CLEAR_FLAG; //清除中断标志
  150   1              
  151   1      }
  152          
  153          uint32 count = 0;
  154          
  155          void TM4_Isr() interrupt 20
  156          {
  157   1              TIM4_CLEAR_FLAG; //清除中断标志
  158   1          if(count++ >= 100)
  159   1          {
  160   2                      P52 = !P52;
  161   2          }
  162   1              Enc_R = Get_EncoderNum(CTIM0_P34);  //获取右轮当前速度
  163   1          Enc_L = Get_EncoderNum(CTIM3_P04);  //获取左轮当前速度
  164   1      
  165   1      }
  166          
  167          //void  INT0_Isr()  interrupt 0;
  168          //void  TM0_Isr()   interrupt 1;
  169          //void  INT1_Isr()  interrupt 2;
  170          //void  TM1_Isr()   interrupt 3;
  171          //void  UART1_Isr() interrupt 4;
  172          //void  ADC_Isr()   interrupt 5;
  173          //void  LVD_Isr()   interrupt 6;
  174          //void  PCA_Isr()   interrupt 7;
  175          //void  UART2_Isr() interrupt 8;
  176          //void  SPI_Isr()   interrupt 9;
  177          //void  INT2_Isr()  interrupt 10;
  178          //void  INT3_Isr()  interrupt 11;
  179          //void  TM2_Isr()   interrupt 12;
  180          //void  INT4_Isr()  interrupt 16;
  181          //void  UART3_Isr() interrupt 17;
  182          //void  UART4_Isr() interrupt 18;
  183          //void  TM3_Isr()   interrupt 19;
  184          //void  TM4_Isr()   interrupt 20;
  185          //void  CMP_Isr()   interrupt 21;
  186          //void  I2C_Isr()   interrupt 24;
  187          //void  USB_Isr()   interrupt 25;
C251 COMPILER V5.60.0,  isr                                                                17/11/23  15:28:39  PAGE 4   

  188          //void  PWM1_Isr()  interrupt 26;
  189          //void  PWM2_Isr()  interrupt 27;


Module Information          Static   Overlayable
------------------------------------------------
  code size            =       413     ------
  ecode size           =    ------     ------
  data size            =    ------     ------
  idata size           =    ------     ------
  pdata size           =    ------     ------
  xdata size           =    ------     ------
  xdata-const size     =    ------     ------
  edata size           =         5     ------
  bit size             =    ------     ------
  ebit size            =    ------     ------
  bitaddressable size  =    ------     ------
  ebitaddressable size =    ------     ------
  far data size        =    ------     ------
  huge data size       =    ------     ------
  const size           =    ------     ------
  hconst size          =         8     ------
End of Module Information.


C251 COMPILATION COMPLETE.  0 WARNING(S),  0 ERROR(S)
