C251 COMPILER V5.60.0,  main                                                               17/11/23  15:28:40  PAGE 1   


C251 COMPILER V5.60.0, COMPILATION OF MODULE main
OBJECT MODULE PLACED IN .\Out_File\main.obj
COMPILER INVOKED BY: D:\keil5\keil5_MDK\keil5_MDK_32\C251\BIN\C251.EXE ..\USER\src\main.c XSMALL INTR2 WARNINGLEVEL(3) B
                    -ROWSE INCDIR(..\..\Libraries\libraries;..\..\Libraries\seekfree_libraries;..\..\Libraries\seekfree_peripheral;..\CODE;..
                    -\USER\inc;..\USER\src) DEBUG PRINT(.\Out_File\main.lst) OBJECT(.\Out_File\main.obj) 

stmt  level    source

    1          #include "headfile.h"
    2          #include "Encoder.h"
    3          
    4          void Init_all(void)
    5          {
    6   1              WTST = 0;                                               //设置程序代码等待参数，赋值为0可将CPU执行程序的速度设置为最快  
    7   1              DisableGlobalIRQ();                             //关闭总中断
    8   1              sys_clk = 35000000;                             //设置系统频率为35MHz
    9   1              board_init();                                   //初始化寄存器
   10   1      
   11   1      //OLED初始化
   12   1              oled_init();                                    //初始化oled屏幕
   13   1              
   14   1      //定时器初始化
   15   1              pit_timer_ms(TIM_4, 10);                //配置定时器4，5ms进一次中断，用于读取、调整速度
   16   1      //编码器初始化
   17   1              ctimer_count_init(CTIM0_P34);   //定时器外部计数模式--右轮
   18   1              ctimer_count_init(CTIM3_P04);   //定时器外部计数模式--左轮
   19   1      
   20   1              
   21   1      }
   22          
   23          void main(void)
   24          {
   25   1              Init_all();
   26   1      
   27   1              //总中断最后开启
   28   1              EnableGlobalIRQ();              //开启总中断
   29   1          while(1)
   30   1              {
   31   2                      oled_p8x16str(0,0,"Enc:");                                                      //main文件中的变量
   32   2                      oled_printf_float(0,2,Enc_L,2,3);
   33   2                      oled_printf_float(0,4,Enc_R,2,3);
   34   2          }
   35   1      }
   36          
   37          
   38          


Module Information          Static   Overlayable
------------------------------------------------
  code size            =       141     ------
  ecode size           =    ------     ------
  data size            =    ------     ------
  idata size           =    ------     ------
  pdata size           =    ------     ------
  xdata size           =    ------     ------
  xdata-const size     =    ------     ------
  edata size           =    ------     ------
  bit size             =    ------     ------
  ebit size            =    ------     ------
  bitaddressable size  =    ------     ------
  ebitaddressable size =    ------     ------
  far data size        =    ------     ------
  huge data size       =    ------     ------
  const size           =    ------     ------
  hconst size          =         5     ------
C251 COMPILER V5.60.0,  main                                                               17/11/23  15:28:40  PAGE 2   

End of Module Information.


C251 COMPILATION COMPLETE.  0 WARNING(S),  0 ERROR(S)
